XDG_SESSION_ID=170847
SHELL=/bin/sh
USER=ec2-user
PATH=/home/ec2-user/.nvm/versions/node/v10.24.1/bin:/home/ec2-user/.rvm/gems/ruby-2.6.3/bin:/home/ec2-user/.rvm/gems/ruby-2.6.3@global/bin:/home/ec2-user/.rvm/rubies/ruby-2.6.3/bin:/usr/local/bin:/usr/bin:/usr/local/sbin:/usr/sbin:/home/ec2-user/.local/bin:/home/ec2-user/bin:/usr/local/bin:/home/ec2-user/.rvm/bin:/home/ec2-user/.local/bin:/home/ec2-user/bin:/opt/oracle/instantclient_19_9:/opt/mssql-tools/bin:/usr/bin:/home/ec2-user/DBHUB/BIN:/usr/pgsql-12/bin/
PWD=/home/ec2-user
LANG=en_US.UTF-8
HOME=/home/ec2-user
SHLVL=2
LOGNAME=ec2-user
XDG_RUNTIME_DIR=/run/user/1000
_=/usr/bin/printenv
+-----+-----+-----+-----+
20211004.000001 Requesting current flight info
+-----+-----+-----+-----+
  % Total    % Received % Xferd  Average Speed   Time    Time     Time  Current
                                 Dload  Upload   Total   Spent    Left  Speed
  0     0    0     0    0     0      0      0 --:--:-- --:--:-- --:--:--     0  0     0    0     0    0     0      0      0 --:--:-- --:--:-- --:--:--     0  0     0    0     0    0     0      0      0 --:--:--  0:00:01 --:--:--     0  0     0    0     0    0     0      0      0 --:--:--  0:00:02 --:--:--     0100 86897    0 86897    0     0  29426      0 --:--:--  0:00:02 --:--:-- 29416
+-----+-----+-----+-----+
20211004.000004 Inserting into Dynamo
+-----+-----+-----+-----+
{
    "Count": 3984,
    "ScannedCount": 3984,
    "ConsumedCapacity": null
}
2021-10-04 00:00:04: HOST: ip-10-0-0-166
2021-10-04 00:00:04: SSI_REP: /home/user/dba_arch/scripts/install/ssi/rep.ip-10-0-0-166
Put flight succeeded:
{'ResponseMetadata': {'HTTPHeaders': {'connection': 'keep-alive',
                                      'content-length': '2',
                                      'content-type': 'application/x-amz-json-1.0',
                                      'date': 'Mon, 04 Oct 2021 00:00:08 GMT',
                                      'server': 'Server',
                                      'x-amz-crc32': '2745614147',
                                      'x-amzn-requestid': 'OLHAHDQ3LSN8DOJ8M5IPDFT617VV4KQNSO5AEMVJF66Q9ASUAAJG'},
                      'HTTPStatusCode': 200,
                      'RequestId': 'OLHAHDQ3LSN8DOJ8M5IPDFT617VV4KQNSO5AEMVJF66Q9ASUAAJG',
                      'RetryAttempts': 0}}
+-----+-----+-----+-----+
20211004.000009 Uploading CSV to S3
+-----+-----+-----+-----+
Completed 3.4 KiB/3.4 KiB (61.5 KiB/s) with 1 file(s) remainingupload: DBHUB/DYN/DAT/flight.20211004.000001.1.csv to s3://ttsheng-flightimp/flight.20211004.000001.1.csv
+-----+-----+-----+-----+
20211004.000009 Generating manifest file
+-----+-----+-----+-----+
+-----+-----+-----+-----+
20211004.000010 Manifest file below
+-----+-----+-----+-----+
{
    "fileLocations": [
        {
            "URIs": [
"https://ttsheng-ing.s3.amazonaws.com/flight.20210909.145332.csv",
"https://ttsheng-ing.s3.amazonaws.com/flight.20210909.145647.1.csv",
"https://ttsheng-ing.s3.amazonaws.com/flight.20210909.145853.1.csv",
"https://ttsheng-ing.s3.amazonaws.com/flight.20210909.150014.1.csv",
"https://ttsheng-ing.s3.amazonaws.com/flight.20210909.151220.1.csv",
"https://ttsheng-ing.s3.amazonaws.com/flight.20210909.151325.1.csv",
"https://ttsheng-ing.s3.amazonaws.com/flight.20210909.151351.1.csv",
"https://ttsheng-ing.s3.amazonaws.com/flight.20210909.151739.1.csv",
"https://ttsheng-ing.s3.amazonaws.com/flight.20210909.151942.1.csv",
"https://ttsheng-ing.s3.amazonaws.com/flight.20210909.152014.1.csv",
"https://ttsheng-ing.s3.amazonaws.com/flight.20210909.155852.1.csv",
"https://ttsheng-ing.s3.amazonaws.com/flight.20210909.165103.1.csv",
"https://ttsheng-ing.s3.amazonaws.com/flight.20210909.165231.1.csv",
"https://ttsheng-ing.s3.amazonaws.com/flight.20210909.170113.1.csv",
"https://ttsheng-ing.s3.amazonaws.com/flight.20210909.170338.1.csv",
"https://ttsheng-ing.s3.amazonaws.com/flight.20210909.170358.1.csv",
"https://ttsheng-ing.s3.amazonaws.com/flight.20210909.172854.1.csv",
"https://ttsheng-ing.s3.amazonaws.com/flight.20210909.180706.1.csv",
"https://ttsheng-ing.s3.amazonaws.com/flight.20210909.181015.1.csv",
"https://ttsheng-ing.s3.amazonaws.com/flight.20210923.000849.1.csv",
"https://ttsheng-ing.s3.amazonaws.com/flight.20210923.001253.1.csv",
"https://ttsheng-ing.s3.amazonaws.com/flight.20210923.011301.1.csv",
"https://ttsheng-ing.s3.amazonaws.com/flight.20210923.012013.1.csv",
"https://ttsheng-ing.s3.amazonaws.com/flight.20210923.013401.1.csv",
"https://ttsheng-ing.s3.amazonaws.com/flight.20210923.020001.1.csv",
"https://ttsheng-ing.s3.amazonaws.com/flight.20210923.030001.1.csv",
"https://ttsheng-ing.s3.amazonaws.com/flight.20210923.040001.1.csv",
"https://ttsheng-ing.s3.amazonaws.com/flight.20210923.050001.1.csv",
"https://ttsheng-ing.s3.amazonaws.com/flight.20210923.060001.1.csv",
"https://ttsheng-ing.s3.amazonaws.com/flight.20210923.070001.1.csv",
"https://ttsheng-ing.s3.amazonaws.com/flight.20210924.010001.1.csv",
"https://ttsheng-ing.s3.amazonaws.com/flight.20210924.020001.1.csv",
"https://ttsheng-ing.s3.amazonaws.com/flight.20210924.030001.1.csv",
"https://ttsheng-ing.s3.amazonaws.com/flight.20210924.040001.1.csv",
"https://ttsheng-ing.s3.amazonaws.com/flight.20210924.050001.1.csv",
"https://ttsheng-ing.s3.amazonaws.com/flight.20210924.060001.1.csv",
"https://ttsheng-ing.s3.amazonaws.com/flight.20210924.070001.1.csv",
"https://ttsheng-ing.s3.amazonaws.com/flight.20210924.160001.1.csv",
"https://ttsheng-ing.s3.amazonaws.com/flight.20210924.200001.1.csv",
"https://ttsheng-ing.s3.amazonaws.com/flight.20210925.000001.1.csv",
"https://ttsheng-ing.s3.amazonaws.com/flight.20210925.040001.1.csv",
"https://ttsheng-ing.s3.amazonaws.com/flight.20210925.080001.1.csv",
"https://ttsheng-ing.s3.amazonaws.com/flight.20210925.120001.1.csv",
"https://ttsheng-ing.s3.amazonaws.com/flight.20210925.160001.1.csv",
"https://ttsheng-ing.s3.amazonaws.com/flight.20210925.200001.1.csv",
"https://ttsheng-ing.s3.amazonaws.com/flight.20210926.000001.1.csv",
"https://ttsheng-ing.s3.amazonaws.com/flight.20210926.040001.1.csv",
"https://ttsheng-ing.s3.amazonaws.com/flight.20210926.080001.1.csv",
"https://ttsheng-ing.s3.amazonaws.com/flight.20210926.120001.1.csv",
"https://ttsheng-ing.s3.amazonaws.com/flight.20210926.160001.1.csv",
"https://ttsheng-ing.s3.amazonaws.com/flight.20210926.200001.1.csv",
"https://ttsheng-ing.s3.amazonaws.com/flight.20210927.000001.1.csv",
"https://ttsheng-ing.s3.amazonaws.com/flight.20210927.040001.1.csv",
"https://ttsheng-ing.s3.amazonaws.com/flight.20210927.080001.1.csv",
"https://ttsheng-ing.s3.amazonaws.com/flight.20210927.120001.1.csv",
"https://ttsheng-ing.s3.amazonaws.com/flight.20210927.160001.1.csv",
"https://ttsheng-ing.s3.amazonaws.com/flight.20210927.200001.1.csv",
"https://ttsheng-ing.s3.amazonaws.com/flight.20210928.000001.1.csv",
"https://ttsheng-ing.s3.amazonaws.com/flight.20210928.040001.1.csv",
"https://ttsheng-ing.s3.amazonaws.com/flight.20210928.080001.1.csv",
"https://ttsheng-ing.s3.amazonaws.com/flight.20210928.120001.1.csv",
"https://ttsheng-ing.s3.amazonaws.com/flight.20210928.160001.1.csv",
"https://ttsheng-ing.s3.amazonaws.com/flight.20210928.200001.1.csv",
"https://ttsheng-ing.s3.amazonaws.com/flight.20210929.000001.1.csv",
"https://ttsheng-ing.s3.amazonaws.com/flight.20210929.040001.1.csv",
"https://ttsheng-ing.s3.amazonaws.com/flight.20210929.080001.1.csv",
"https://ttsheng-ing.s3.amazonaws.com/flight.20210929.120001.1.csv",
"https://ttsheng-ing.s3.amazonaws.com/flight.20210929.160001.1.csv",
"https://ttsheng-ing.s3.amazonaws.com/flight.20210929.200001.1.csv",
"https://ttsheng-ing.s3.amazonaws.com/flight.20210930.000001.1.csv",
"https://ttsheng-ing.s3.amazonaws.com/flight.20210930.040001.1.csv",
"https://ttsheng-ing.s3.amazonaws.com/flight.20210930.080001.1.csv",
"https://ttsheng-ing.s3.amazonaws.com/flight.20210930.120001.1.csv",
"https://ttsheng-ing.s3.amazonaws.com/flight.20210930.160001.1.csv",
"https://ttsheng-ing.s3.amazonaws.com/flight.20210930.200001.1.csv",
"https://ttsheng-ing.s3.amazonaws.com/flight.20211001.000001.1.csv",
"https://ttsheng-ing.s3.amazonaws.com/flight.20211001.040001.1.csv",
"https://ttsheng-ing.s3.amazonaws.com/flight.20211001.080001.1.csv",
"https://ttsheng-ing.s3.amazonaws.com/flight.20211001.120001.1.csv",
"https://ttsheng-ing.s3.amazonaws.com/flight.20211001.160001.1.csv",
"https://ttsheng-ing.s3.amazonaws.com/flight.20211001.200001.1.csv",
"https://ttsheng-ing.s3.amazonaws.com/flight.20211002.000001.1.csv",
"https://ttsheng-ing.s3.amazonaws.com/flight.20211002.040001.1.csv",
"https://ttsheng-ing.s3.amazonaws.com/flight.20211002.080001.1.csv",
"https://ttsheng-ing.s3.amazonaws.com/flight.20211002.120001.1.csv",
"https://ttsheng-ing.s3.amazonaws.com/flight.20211002.160001.1.csv",
"https://ttsheng-ing.s3.amazonaws.com/flight.20211002.200001.1.csv",
"https://ttsheng-ing.s3.amazonaws.com/flight.20211003.000001.1.csv",
"https://ttsheng-ing.s3.amazonaws.com/flight.20211003.040001.1.csv",
"https://ttsheng-ing.s3.amazonaws.com/flight.20211003.080001.1.csv",
"https://ttsheng-ing.s3.amazonaws.com/flight.20211003.120001.1.csv",
"https://ttsheng-ing.s3.amazonaws.com/flight.20211003.160001.1.csv",
"https://ttsheng-ing.s3.amazonaws.com/flight.20211003.200001.1.csv",
"https://ttsheng-ing.s3.amazonaws.com/flight.20211004.000001.1.csv"
            ]
        }
    ],
    "globalUploadSettings": {
       "format": "CSV",
        "delimiter": ",",
        "textqualifier": "'",
        "containsHeader": "false"
    }
}
