## connect time out
## default debug level - almost none

2021-01-14T19:47:25 [AT_GLOBAL       ]I:  Task Server Log - HSVLZ47BNLHC7RROIHZQ4G4OJLGCASAU6ZQ4X5Q  (V3.4.3.R1 localhost.localdomain Linux 4.14.59-64.43.amzn1.x86_64 #1 SMP Thu Aug 2 21:29:33 UTC 2018 x86_64 64-bit, PID: 7207) started at Thu Jan 14 19:47:25 2021  (at_logger.c:2700)
2021-01-14T19:47:25 [DATA_STRUCTURE  ]I:  SQLite version is 3.31.1  (at_sqlite.c:174)
2021-01-14T19:47:25 [VALIDATOR       ]I:  validation_util_class_initialize  (validation_util.c:70)
2021-01-14T19:47:25 [VALIDATOR       ]I:  Creating Table Def Mutex  (validation_util.c:74)
2021-01-14T19:47:25 [VALIDATOR       ]I:  ==> Success Creating Table Def Mutex  (validation_util.c:82)
2021-01-14T19:47:25 [COMMON          ]D:  at_common_is_supported: load_common_wrapper( common_load_locker ) failed  (at_common.c:69)
2021-01-14T19:47:25 [TASK_MANAGER    ]I:  Execute Request Task 'HSVLZ47BNLHC7RROIHZQ4G4OJLGCASAU6ZQ4X5Q' running full load and CDC with flags fresh start with cdcPosition null and stop_at null  (replicationtask.c:753)
2021-01-14T19:47:25 [TASK_MANAGER    ]I:  BatchApplyPreserveTransaction is set to false, because BatchApplyEnabled is false  (replicationtask.c:1100)
2021-01-14T19:47:25 [TASK_MANAGER    ]I:  Task 'HSVLZ47BNLHC7RROIHZQ4G4OJLGCASAU6ZQ4X5Q' starting full load and CDC in fresh start mode  (replicationtask.c:1312)
2021-01-14T19:47:25 [VALIDATOR       ]I:  Latest supported feature version is : 1  (task_features.c:107)
2021-01-14T19:47:25 [TASK_MANAGER    ]I:  Task Id: dc3b4d36-c77f-4cde-aa9e-8037fac2bb49  (replicationtask.c:3279)
2021-01-14T19:47:25 [TASK_MANAGER    ]I:  LOB support on the task has been enabled  (endpointshell.c:1792)
2021-01-14T19:47:25 [TASK_MANAGER    ]I:  Task is running in Limited LOB Mode. MaxLobSize is set to '32768' Bytes  (endpointshell.c:1795)
2021-01-14T19:47:25 [METADATA_MANAGE ]I:  Truncate trailing binary zeros in char columns  (oracle_endpoint_imp.c:725)
2021-01-14T19:47:25 [METADATA_MANAGE ]I:  Supplemental logging automatic definition is disabled  (oracle_endpoint_imp.c:879)
2021-01-14T19:47:25 [METADATA_MANAGE ]I:  Going to connect to Oracle server (DESCRIPTION=(CONNECT_TIMEOUT=8)(ENABLE=BROKEN)(ADDRESS=(PROTOCOL=TCP)(HOST=octora01.czzdit7hfndz.us-east-2.rds.amazonaws.com)(PORT=1521))(CONNECT_DATA=(SERVICE_NAME=OCTORA01))) with username dmsuser  (oracle_endpoint_imp.c:1308)
2021-01-14T19:47:33 [METADATA_MANAGE ]E:  ORA-12170: TNS:Connect timeout occurred  [1022307]  (oracle_endpoint_conn.c:926)
2021-01-14T19:47:33 [METADATA_MANAGE ]E:  Failed while preparing stream component 'M3G74ZFVFVM6LCEPQPU2YH2VZ4RHAYAZET2RFFA'. [1022307]  (metadatamanager.c:814)
2021-01-14T19:47:33 [METADATA_MANAGE ]E:  Cannot create the source utility component [1022307]  (metadatamanager.c:714)
2021-01-14T19:47:33 [TASK_MANAGER    ]E:  Creating Metadata Manager's utility components failed  [1022307]  (replicationtask.c:3308)
2021-01-14T19:47:55 [TASK_MANAGER    ]I:  Task - HSVLZ47BNLHC7RROIHZQ4G4OJLGCASAU6ZQ4X5Q is in ERROR state, updating starting status to AR_NOT_APPLICABLE  (repository.c:5103)
2021-01-14T19:47:55 [TASK_MANAGER    ]E:  Task 'HSVLZ47BNLHC7RROIHZQ4G4OJLGCASAU6ZQ4X5Q' encountered a recoverable error, retry attempt # 0  (repository.c:5185)
2021-01-14T19:48:05 [TASK_MANAGER    ]I:  Task Management thread terminated abnormally  (replicationtask.c:3969)
2021-01-14T19:48:05 [AT_GLOBAL       ]I:  Closing log file at Thu Jan 14 19:48:05 2021  (at_logger.c:2548)
2021-01-14T19:48:09 [AT_GLOBAL       ]I:  Task Server Log - HSVLZ47BNLHC7RROIHZQ4G4OJLGCASAU6ZQ4X5Q  (V3.4.3.R1 localhost.localdomain Linux 4.14.59-64.43.amzn1.x86_64 #1 SMP Thu Aug 2 21:29:33 UTC 2018 x86_64 64-bit, PID: 7336) started at Thu Jan 14 19:48:09 2021  (at_logger.c:2700)
2021-01-14T19:48:09 [DATA_STRUCTURE  ]I:  SQLite version is 3.31.1  (at_sqlite.c:174)
2021-01-14T19:48:09 [VALIDATOR       ]I:  validation_util_class_initialize  (validation_util.c:70)
2021-01-14T19:48:09 [VALIDATOR       ]I:  Creating Table Def Mutex  (validation_util.c:74)
2021-01-14T19:48:09 [VALIDATOR       ]I:  ==> Success Creating Table Def Mutex  (validation_util.c:82)
2021-01-14T19:48:09 [COMMON          ]D:  at_common_is_supported: load_common_wrapper( common_load_locker ) failed  (at_common.c:69)
2021-01-14T19:48:09 [TASK_MANAGER    ]I:  Execute Request Task 'HSVLZ47BNLHC7RROIHZQ4G4OJLGCASAU6ZQ4X5Q' running full load and CDC with flags resume with cdcPosition null and stop_at null  (replicationtask.c:753)
2021-01-14T19:48:09 [TASK_MANAGER    ]I:  BatchApplyPreserveTransaction is set to false, because BatchApplyEnabled is false  (replicationtask.c:1100)
2021-01-14T19:48:09 [TASK_MANAGER    ]I:  Task 'HSVLZ47BNLHC7RROIHZQ4G4OJLGCASAU6ZQ4X5Q' starting full load and CDC in resume mode after recoverable error, retry #1  (replicationtask.c:1312)
2021-01-14T19:48:09 [VALIDATOR       ]I:  Latest supported feature version is : 1  (task_features.c:107)
2021-01-14T19:48:10 [TASK_MANAGER    ]I:  Task Id: dc3b4d36-c77f-4cde-aa9e-8037fac2bb49  (replicationtask.c:3279)
2021-01-14T19:48:10 [TASK_MANAGER    ]I:  LOB support on the task has been enabled  (endpointshell.c:1792)
2021-01-14T19:48:10 [TASK_MANAGER    ]I:  Task is running in Limited LOB Mode. MaxLobSize is set to '32768' Bytes  (endpointshell.c:1795)
2021-01-14T19:48:10 [METADATA_MANAGE ]I:  Truncate trailing binary zeros in char columns  (oracle_endpoint_imp.c:725)
2021-01-14T19:48:10 [METADATA_MANAGE ]I:  Supplemental logging automatic definition is disabled  (oracle_endpoint_imp.c:879)
2021-01-14T19:48:10 [METADATA_MANAGE ]I:  Going to connect to Oracle server (DESCRIPTION=(CONNECT_TIMEOUT=8)(ENABLE=BROKEN)(ADDRESS=(PROTOCOL=TCP)(HOST=octora01.czzdit7hfndz.us-east-2.rds.amazonaws.com)(PORT=1521))(CONNECT_DATA=(SERVICE_NAME=OCTORA01))) with username dmsuser  (oracle_endpoint_imp.c:1308)
2021-01-14T19:49:08 [AT_GLOBAL       ]I:  Task Server Log - HSVLZ47BNLHC7RROIHZQ4G4OJLGCASAU6ZQ4X5Q  (V3.4.3.R1 localhost.localdomain Linux 4.14.59-64.43.amzn1.x86_64 #1 SMP Thu Aug 2 21:29:33 UTC 2018 x86_64 64-bit, PID: 7471) started at Thu Jan 14 19:49:08 2021  (at_logger.c:2700)
2021-01-14T19:49:08 [DATA_STRUCTURE  ]I:  SQLite version is 3.31.1  (at_sqlite.c:174)
2021-01-14T19:49:08 [VALIDATOR       ]I:  validation_util_class_initialize  (validation_util.c:70)
2021-01-14T19:49:08 [VALIDATOR       ]I:  Creating Table Def Mutex  (validation_util.c:74)
2021-01-14T19:49:08 [VALIDATOR       ]I:  ==> Success Creating Table Def Mutex  (validation_util.c:82)
2021-01-14T19:49:08 [COMMON          ]D:  at_common_is_supported: load_common_wrapper( common_load_locker ) failed  (at_common.c:69)
2021-01-14T19:49:09 [TASK_MANAGER    ]I:  Execute Request Task 'HSVLZ47BNLHC7RROIHZQ4G4OJLGCASAU6ZQ4X5Q' running full load and CDC with flags resume with cdcPosition null and stop_at null  (replicationtask.c:753)
2021-01-14T19:49:09 [TASK_MANAGER    ]I:  BatchApplyPreserveTransaction is set to false, because BatchApplyEnabled is false  (replicationtask.c:1100)
2021-01-14T19:49:09 [TASK_MANAGER    ]I:  Task 'HSVLZ47BNLHC7RROIHZQ4G4OJLGCASAU6ZQ4X5Q' starting full load and CDC in resume mode after recoverable error, retry #2  (replicationtask.c:1312)
2021-01-14T19:49:09 [VALIDATOR       ]I:  Latest supported feature version is : 1  (task_features.c:107)
2021-01-14T19:49:09 [TASK_MANAGER    ]I:  Task Id: dc3b4d36-c77f-4cde-aa9e-8037fac2bb49  (replicationtask.c:3279)
2021-01-14T19:49:09 [TASK_MANAGER    ]I:  LOB support on the task has been enabled  (endpointshell.c:1792)
2021-01-14T19:49:09 [TASK_MANAGER    ]I:  Task is running in Limited LOB Mode. MaxLobSize is set to '32768' Bytes  (endpointshell.c:1795)
2021-01-14T19:49:09 [METADATA_MANAGE ]I:  Truncate trailing binary zeros in char columns  (oracle_endpoint_imp.c:725)
2021-01-14T19:49:09 [METADATA_MANAGE ]I:  Supplemental logging automatic definition is disabled  (oracle_endpoint_imp.c:879)
2021-01-14T19:49:09 [METADATA_MANAGE ]I:  Going to connect to Oracle server (DESCRIPTION=(CONNECT_TIMEOUT=8)(ENABLE=BROKEN)(ADDRESS=(PROTOCOL=TCP)(HOST=octora01.czzdit7hfndz.us-east-2.rds.amazonaws.com)(PORT=1521))(CONNECT_DATA=(SERVICE_NAME=OCTORA01))) with username dmsuser  (oracle_endpoint_imp.c:1308)
2021-01-14T19:49:17 [METADATA_MANAGE ]E:  ORA-12170: TNS:Connect timeout occurred  [1022307]  (oracle_endpoint_conn.c:926)
2021-01-14T19:49:17 [METADATA_MANAGE ]E:  Failed while preparing stream component 'M3G74ZFVFVM6LCEPQPU2YH2VZ4RHAYAZET2RFFA'. [1022307]  (metadatamanager.c:814)
2021-01-14T19:49:17 [METADATA_MANAGE ]E:  Cannot create the source utility component [1022307]  (metadatamanager.c:714)
2021-01-14T19:49:17 [TASK_MANAGER    ]E:  Creating Metadata Manager's utility components failed  [1022307]  (replicationtask.c:3308)
2021-01-14T19:49:39 [TASK_MANAGER    ]I:  Task - HSVLZ47BNLHC7RROIHZQ4G4OJLGCASAU6ZQ4X5Q is in ERROR state, updating starting status to AR_NOT_APPLICABLE  (repository.c:5103)
2021-01-14T19:49:39 [TASK_MANAGER    ]E:  Task 'HSVLZ47BNLHC7RROIHZQ4G4OJLGCASAU6ZQ4X5Q' encountered a recoverable error, retry attempt # 2  (repository.c:5185)
2021-01-14T19:49:49 [TASK_MANAGER    ]I:  Task Management thread terminated abnormally  (replicationtask.c:3969)
2021-01-14T19:49:49 [AT_GLOBAL       ]I:  Closing log file at Thu Jan 14 19:49:49 2021  (at_logger.c:2548)
2021-01-14T19:51:38 [AT_GLOBAL       ]I:  Task Server Log - HSVLZ47BNLHC7RROIHZQ4G4OJLGCASAU6ZQ4X5Q  (V3.4.3.R1 localhost.localdomain Linux 4.14.59-64.43.amzn1.x86_64 #1 SMP Thu Aug 2 21:29:33 UTC 2018 x86_64 64-bit, PID: 7829) started at Thu Jan 14 19:51:38 2021  (at_logger.c:2700)
2021-01-14T19:51:38 [DATA_STRUCTURE  ]I:  SQLite version is 3.31.1  (at_sqlite.c:174)
2021-01-14T19:51:38 [VALIDATOR       ]I:  validation_util_class_initialize  (validation_util.c:70)
2021-01-14T19:51:38 [VALIDATOR       ]I:  Creating Table Def Mutex  (validation_util.c:74)
2021-01-14T19:51:38 [VALIDATOR       ]I:  ==> Success Creating Table Def Mutex  (validation_util.c:82)
2021-01-14T19:51:38 [COMMON          ]D:  at_common_is_supported: load_common_wrapper( common_load_locker ) failed  (at_common.c:69)
2021-01-14T19:51:39 [TASK_MANAGER    ]I:  Execute Request Task 'HSVLZ47BNLHC7RROIHZQ4G4OJLGCASAU6ZQ4X5Q' running full load and CDC with flags resume with cdcPosition null and stop_at null  (replicationtask.c:753)
2021-01-14T19:51:39 [TASK_MANAGER    ]I:  BatchApplyPreserveTransaction is set to false, because BatchApplyEnabled is false  (replicationtask.c:1100)
2021-01-14T19:51:39 [TASK_MANAGER    ]I:  Task 'HSVLZ47BNLHC7RROIHZQ4G4OJLGCASAU6ZQ4X5Q' starting full load and CDC in resume mode after recoverable error, retry #4  (replicationtask.c:1312)
2021-01-14T19:51:39 [VALIDATOR       ]I:  Latest supported feature version is : 1  (task_features.c:107)
2021-01-14T19:51:39 [TASK_MANAGER    ]I:  Task Id: dc3b4d36-c77f-4cde-aa9e-8037fac2bb49  (replicationtask.c:3279)
2021-01-14T19:51:39 [TASK_MANAGER    ]I:  LOB support on the task has been enabled  (endpointshell.c:1792)
2021-01-14T19:51:39 [TASK_MANAGER    ]I:  Task is running in Limited LOB Mode. MaxLobSize is set to '32768' Bytes  (endpointshell.c:1795)
2021-01-14T19:51:39 [METADATA_MANAGE ]I:  Truncate trailing binary zeros in char columns  (oracle_endpoint_imp.c:725)
2021-01-14T19:51:39 [METADATA_MANAGE ]I:  Supplemental logging automatic definition is disabled  (oracle_endpoint_imp.c:879)
2021-01-14T19:51:39 [METADATA_MANAGE ]I:  Going to connect to Oracle server (DESCRIPTION=(CONNECT_TIMEOUT=8)(ENABLE=BROKEN)(ADDRESS=(PROTOCOL=TCP)(HOST=octora01.czzdit7hfndz.us-east-2.rds.amazonaws.com)(PORT=1521))(CONNECT_DATA=(SERVICE_NAME=OCTORA01))) with username dmsuser  (oracle_endpoint_imp.c:1308)
2021-01-14T19:51:39 [METADATA_MANAGE ]I:  Connecting to Oracle: Beginning session  (oracle_endpoint_conn.c:958)
2021-01-14T19:51:39 [METADATA_MANAGE ]I:  Source endpoint 'Oracle' is using provider syntax 'Oracle'  (provider_syntax_manager.c:622)
2021-01-14T19:51:39 [METADATA_MANAGE ]I:  Going to connect to ODBC connection string: DRIVER={PostgreSQL};SERVER=aurpg02-instance-1.czzdit7hfndz.us-east-2.rds.amazonaws.com;DATABASE=aurpg02;PORT=5432;MaxVarcharSize=32768;UID=postgres;  (odbc_endpoint_imp.c:1930)
2021-01-14T19:51:39 [METADATA_MANAGE ]I:  Target endpoint 'PostgreSQL' is using provider syntax 'PostgreSQLLinux'  (provider_syntax_manager.c:628)
2021-01-14T19:51:40 [METADATA_MANAGE ]I:  postgres_set_encoding(...) Main encoding details: Name='UTF8', Language='all', isServerEncoding?='true' storageFactor=4, ConverterName='UTF-8'  (odbc_endpoint_imp.c:2567)
2021-01-14T19:51:40 [TASK_MANAGER    ]I:  Preparing all components  (replicationtask.c:1935)
2021-01-14T19:51:40 [TASK_MANAGER    ]I:  Task - HSVLZ47BNLHC7RROIHZQ4G4OJLGCASAU6ZQ4X5Q is in STARTING state, updating starting status to AR_PREPARING_COMPONENTS  (repository.c:5111)
2021-01-14T19:51:40 [TASK_MANAGER    ]I:  Creating threads for all components  (replicationtask.c:1968)
2021-01-14T19:51:40 [TASK_MANAGER    ]I:  Task - HSVLZ47BNLHC7RROIHZQ4G4OJLGCASAU6ZQ4X5Q is in STARTING state, updating starting status to AR_CREATING_TREADS  (repository.c:5111)
2021-01-14T19:51:40 [TASK_MANAGER    ]I:  Task - HSVLZ47BNLHC7RROIHZQ4G4OJLGCASAU6ZQ4X5Q is in STARTING state, updating starting status to AR_CREATING_TABLES_LIST  (repository.c:5111)
2021-01-14T19:51:40 [TABLES_MANAGER  ]I:  Calling for get capture table list from the Metadata Manager started.  (tasktablesmanager.c:928)
2021-01-14T19:51:40 [METADATA_MANAGE ]I:  OCI_ATTR_RECEIVE_TIMEOUT temporary set to 1800000 millisecs (~30 mins)  (oracle_endpoint_lists.c:1023)
2021-01-14T19:51:40 [TABLES_MANAGER  ]I:  Calling for get capture table list from the Metadata Manager ended.  (tasktablesmanager.c:935)
2021-01-14T19:51:40 [TASK_MANAGER    ]I:  Allocating CDC subtask (initialize sorter component and load swap files if any).  (replicationtask.c:2116)
2021-01-14T19:51:40 [TASK_MANAGER    ]I:  Task - HSVLZ47BNLHC7RROIHZQ4G4OJLGCASAU6ZQ4X5Q is in STARTING state, updating starting status to AR_SUBTASKS_ALLOCATION  (repository.c:5111)
2021-01-14T19:51:40 [TASK_MANAGER    ]I:  Task Manager starting. CDC subtask created  (replicationtask.c:2135)
2021-01-14T19:51:40 [TASK_MANAGER    ]I:  Threads for all components were created  (replicationtask.c:2155)
2021-01-14T19:51:40 [TASK_MANAGER    ]I:  Task initialization completed successfully  (replicationtask.c:3336)
2021-01-14T19:51:40 [SOURCE_CAPTURE  ]I:  Use any Oracle Archived Redo Log Destination  (oracle_endpoint_imp.c:996)
2021-01-14T19:51:40 [SOURCE_CAPTURE  ]I:  Prefetch row count for log miner is set to 100  (oracle_endpoint_imp.c:1006)
2021-01-14T19:51:40 [SOURCE_CAPTURE  ]I:  Read '63' blocks backward  (oracle_endpoint_imp.c:1022)
2021-01-14T19:51:40 [SOURCE_CAPTURE  ]I:  Oracle CDC uses Oracle File Access mode  (oracle_endpoint_imp.c:1038)
2021-01-14T19:51:40 [SOURCE_CAPTURE  ]I:  Wait '5' minutes for missing Archived Redo log  (oracle_endpoint_imp.c:1176)
2021-01-14T19:51:40 [SOURCE_CAPTURE  ]I:  retry timeout is '120' minutes  (oracle_endpoint_imp.c:1192)
2021-01-14T19:51:40 [SOURCE_CAPTURE  ]I:  Scale is set to 10 for NUMBER Datatype  (oracle_endpoint_imp.c:1222)
2021-01-14T19:51:40 [SOURCE_CAPTURE  ]I:  Retry interval is set to 5  (oracle_endpoint_imp.c:1238)
2021-01-14T19:51:40 [SOURCE_CAPTURE  ]I:  Connecting to Oracle: Beginning session  (oracle_endpoint_conn.c:958)
2021-01-14T19:51:40 [SOURCE_CAPTURE  ]I:  Oracle source database version is 19.0.0.0.0  (oracle_endpoint_conn.c:346)
2021-01-14T19:51:41 [SOURCE_CAPTURE  ]E:  ORA-04088: error during execution of trigger 'RDSADMIN.RDS_DDL_TRIGGER2' ORA-00604: error occurred at recursive SQL level 1 ORA-20900: Invalid path used for directory: awsdms_dir_test ORA-06512: at "RDSADMIN.RDSADMIN_TRIGGER_UTIL", line 404 ORA-06512: at line 2  [1022307]  (oracle_endpoint_utils.c:3200)
2021-01-14T19:51:43 [SOURCE_CAPTURE  ]W:  Database is not RDS Oracle instance  (oracle_endpoint_conn.c:566)
2021-01-14T19:51:43 [SOURCE_CAPTURE  ]I:  Oracle compatibility version is 19.0.0  (oracle_endpoint_conn.c:93)
2021-01-14T19:51:43 [SOURCE_CAPTURE  ]I:  Database role is 'PRIMARY'  (oracle_endpoint_conn.c:139)
2021-01-14T19:51:43 [SOURCE_CAPTURE  ]I:  SUPPLEMENTAL_LOG_DATA_PK is set  (oracle_endpoint_conn.c:148)
2021-01-14T19:51:43 [TARGET_APPLY    ]I:  Going to connect to ODBC connection string: PROTOCOL=7.4-0;DRIVER={PostgreSQL};SERVER=aurpg02-instance-1.czzdit7hfndz.us-east-2.rds.amazonaws.com;DATABASE=aurpg02;PORT=5432;MaxVarcharSize=32768;UID=postgres;  (odbc_endpoint_imp.c:1930)
2021-01-14T19:51:43 [TARGET_APPLY    ]I:  Target endpoint 'PostgreSQL' is using provider syntax 'PostgreSQLLinux'  (provider_syntax_manager.c:628)
2021-01-14T19:51:43 [TARGET_APPLY    ]I:  postgres_set_encoding(...) Main encoding details: Name='UTF8', Language='all', isServerEncoding?='true' storageFactor=4, ConverterName='UTF-8'  (odbc_endpoint_imp.c:2567)
2021-01-14T19:51:43 [TARGET_APPLY    ]I:  Transaction size is 10000. Array size is 1000.  (odbc_endpoint_imp.c:881)
2021-01-14T19:51:43 [TARGET_APPLY    ]I:  All CSV files will not be kept  (odbc_endpoint_imp.c:1502)
2021-01-14T19:51:43 [TARGET_APPLY    ]I:  CSV files which fail to load will not be kept  (odbc_endpoint_imp.c:1511)
2021-01-14T19:51:43 [TARGET_APPLY    ]I:  Working in transactional apply mode  (endpointshell.c:1949)
2021-01-14T19:51:43 [SOURCE_CAPTURE  ]I:  Connecting to Oracle: Beginning session  (oracle_endpoint_conn.c:958)
2021-01-14T19:51:43 [SOURCE_CAPTURE  ]I:  Source endpoint 'Oracle' is using provider syntax 'Oracle'  (provider_syntax_manager.c:622)
2021-01-14T19:51:43 [SORTER          ]I:  Sorter inspect target state  (sorter.c:506)
2021-01-14T19:51:43 [SORTER          ]I:  Target state checkpoint source id: 0  (sorter.c:511)
2021-01-14T19:51:43 [SORTER          ]I:  There is no saved state for sorter  (sorter.c:559)
2021-01-14T19:51:43 [SORTER          ]I:  'Stop reading when memory limit reached' is set to true  (sorter.c:668)
2021-01-14T19:51:43 [STREAM_COMPONEN ]I:  Going to connect to Oracle server (DESCRIPTION=(CONNECT_TIMEOUT=8)(ENABLE=BROKEN)(ADDRESS=(PROTOCOL=TCP)(HOST=octora01.czzdit7hfndz.us-east-2.rds.amazonaws.com)(PORT=1521))(CONNECT_DATA=(SERVICE_NAME=OCTORA01))) with username dmsuser  (oracle_endpoint_imp.c:861)
2021-01-14T19:51:43 [STREAM_COMPONEN ]I:  Connecting to Oracle: Beginning session  (oracle_endpoint_conn.c:958)
2021-01-14T19:51:43 [TASK_MANAGER    ]I:  Task - HSVLZ47BNLHC7RROIHZQ4G4OJLGCASAU6ZQ4X5Q is in RUNNING state, updating starting status to AR_RUNNING  (repository.c:5111)
2021-01-14T19:51:43 [TASK_MANAGER    ]I:  All stream components were initialized  (replicationtask.c:3036)
2021-01-14T19:51:43 [TASK_MANAGER    ]I:  Starting the validation process...  (replicationtask.c:3118)
2021-01-14T19:51:43 [SORTER          ]I:  Sorter last run state: confirmed_record_id = 0, confirmed_stream_position = ''  (sorter_transaction.c:3141)
2021-01-14T19:51:43 [VALIDATOR       ]I:  Setting the failure reporting disabled status to : 1  (sorter_transaction.c:3445)
2021-01-14T19:51:43 [SOURCE_CAPTURE  ]I:  Oracle capture start time: now  (oracle_endpoint_capture.c:698)
2021-01-14T19:51:43 [VALIDATOR       ]I:  Setting the failure reporting disabled status to : 1  (partition_update_tracker.c:961)
2021-01-14T19:51:43 [VALIDATOR       ]I:  Created thread for component task_validator  (task_validator.c:196)
2021-01-14T19:51:43 [VALIDATOR       ]I:  Creating the thread of 'validation_result_fetcher' component  (validation_result.c:192)
2021-01-14T19:51:43 [VALIDATOR       ]I:  Creating the thread of 'validation_result_fetcher' component  (validation_result.c:192)
2021-01-14T19:51:43 [VALIDATOR       ]I:  Creating the thread of 'validation_result_fetcher' component  (validation_result.c:192)
2021-01-14T19:51:43 [VALIDATOR       ]I:  Creating the thread of 'validation_result_fetcher' component  (validation_result.c:192)
2021-01-14T19:51:43 [VALIDATOR       ]I:  Creating the thread of 'validation_result_fetcher' component  (validation_result.c:192)
2021-01-14T19:51:43 [VALIDATOR       ]I:  Creating the thread of 'validation_result_fetcher' component  (validation_result.c:192)
2021-01-14T19:51:43 [VALIDATOR       ]I:  Creating the thread of 'validation_result_fetcher' component  (validation_result.c:192)
2021-01-14T19:51:43 [VALIDATOR_TARGE ]I:  Going to connect to ODBC connection string: DRIVER={PostgreSQL};SERVER=aurpg02-instance-1.czzdit7hfndz.us-east-2.rds.amazonaws.com;DATABASE=aurpg02;PORT=5432;MaxVarcharSize=32768;UID=postgres;  (odbc_endpoint_imp.c:1930)
2021-01-14T19:51:43 [VALIDATOR_SOURC ]I:  Going to connect to Oracle server (DESCRIPTION=(CONNECT_TIMEOUT=8)(ENABLE=BROKEN)(ADDRESS=(PROTOCOL=TCP)(HOST=octora01.czzdit7hfndz.us-east-2.rds.amazonaws.com)(PORT=1521))(CONNECT_DATA=(SERVICE_NAME=OCTORA01))) with username dmsuser  (oracle_endpoint_imp.c:1306)
2021-01-14T19:51:43 [VALIDATOR_SOURC ]I:  Going to connect to Oracle server (DESCRIPTION=(CONNECT_TIMEOUT=8)(ENABLE=BROKEN)(ADDRESS=(PROTOCOL=TCP)(HOST=octora01.czzdit7hfndz.us-east-2.rds.amazonaws.com)(PORT=1521))(CONNECT_DATA=(SERVICE_NAME=OCTORA01))) with username dmsuser  (oracle_endpoint_imp.c:1306)
2021-01-14T19:51:43 [VALIDATOR       ]I:  Creating the thread of 'validation_result_fetcher' component  (validation_result.c:192)
2021-01-14T19:51:43 [VALIDATOR       ]I:  Creating the thread of 'validation_result_fetcher' component  (validation_result.c:192)
2021-01-14T19:51:43 [VALIDATOR       ]I:  Creating the thread of 'validation_result_fetcher' component  (validation_result.c:192)
2021-01-14T19:51:43 [VALIDATOR_SOURC ]I:  Going to connect to Oracle server (DESCRIPTION=(CONNECT_TIMEOUT=8)(ENABLE=BROKEN)(ADDRESS=(PROTOCOL=TCP)(HOST=octora01.czzdit7hfndz.us-east-2.rds.amazonaws.com)(PORT=1521))(CONNECT_DATA=(SERVICE_NAME=OCTORA01))) with username dmsuser  (oracle_endpoint_imp.c:1306)
2021-01-14T19:51:43 [VALIDATOR_SOURC ]I:  Connecting to Oracle: Beginning session  (oracle_endpoint_conn.c:958)
2021-01-14T19:51:43 [VALIDATOR_SOURC ]I:  Connecting to Oracle: Beginning session  (oracle_endpoint_conn.c:958)
2021-01-14T19:51:43 [VALIDATOR_SOURC ]I:  Going to connect to Oracle server (DESCRIPTION=(CONNECT_TIMEOUT=8)(ENABLE=BROKEN)(ADDRESS=(PROTOCOL=TCP)(HOST=octora01.czzdit7hfndz.us-east-2.rds.amazonaws.com)(PORT=1521))(CONNECT_DATA=(SERVICE_NAME=OCTORA01))) with username dmsuser  (oracle_endpoint_imp.c:1306)
2021-01-14T19:51:43 [VALIDATOR_SOURC ]I:  Going to connect to Oracle server (DESCRIPTION=(CONNECT_TIMEOUT=8)(ENABLE=BROKEN)(ADDRESS=(PROTOCOL=TCP)(HOST=octora01.czzdit7hfndz.us-east-2.rds.amazonaws.com)(PORT=1521))(CONNECT_DATA=(SERVICE_NAME=OCTORA01))) with username dmsuser  (oracle_endpoint_imp.c:1306)
2021-01-14T19:51:43 [VALIDATOR_SOURC ]I:  Source endpoint 'Oracle' is using provider syntax 'Oracle'  (provider_syntax_manager.c:622)
2021-01-14T19:51:43 [VALIDATOR_SOURC ]I:  Connecting to Oracle: Beginning session  (oracle_endpoint_conn.c:958)
2021-01-14T19:51:43 [VALIDATOR_SOURC ]I:  Source endpoint 'Oracle' is using provider syntax 'Oracle'  (provider_syntax_manager.c:622)
2021-01-14T19:51:44 [VALIDATOR_SOURC ]I:  Source endpoint 'Oracle' is using provider syntax 'Oracle'  (provider_syntax_manager.c:622)
2021-01-14T19:51:44 [VALIDATOR_SOURC ]I:  Connecting to Oracle: Beginning session  (oracle_endpoint_conn.c:958)
2021-01-14T19:51:44 [VALIDATOR_TARGE ]I:  Going to connect to ODBC connection string: DRIVER={PostgreSQL};SERVER=aurpg02-instance-1.czzdit7hfndz.us-east-2.rds.amazonaws.com;DATABASE=aurpg02;PORT=5432;MaxVarcharSize=32768;UID=postgres;  (odbc_endpoint_imp.c:1930)
2021-01-14T19:51:44 [VALIDATOR_SOURC ]I:  Connecting to Oracle: Beginning session  (oracle_endpoint_conn.c:958)
2021-01-14T19:51:44 [VALIDATOR_TARGE ]I:  Going to connect to ODBC connection string: DRIVER={PostgreSQL};SERVER=aurpg02-instance-1.czzdit7hfndz.us-east-2.rds.amazonaws.com;DATABASE=aurpg02;PORT=5432;MaxVarcharSize=32768;UID=postgres;  (odbc_endpoint_imp.c:1930)
2021-01-14T19:51:44 [SOURCE_CAPTURE  ]I:  Used Oracle archived Redo log destination id is '1'  (oracdc_merger.c:599)
2021-01-14T19:51:44 [VALIDATOR_SOURC ]I:  Source endpoint 'Oracle' is using provider syntax 'Oracle'  (provider_syntax_manager.c:622)
2021-01-14T19:51:44 [VALIDATOR_TARGE ]I:  Going to connect to ODBC connection string: DRIVER={PostgreSQL};SERVER=aurpg02-instance-1.czzdit7hfndz.us-east-2.rds.amazonaws.com;DATABASE=aurpg02;PORT=5432;MaxVarcharSize=32768;UID=postgres;  (odbc_endpoint_imp.c:1930)
2021-01-14T19:51:44 [VALIDATOR_SOURC ]I:  Source endpoint 'Oracle' is using provider syntax 'Oracle'  (provider_syntax_manager.c:622)
2021-01-14T19:51:44 [VALIDATOR_TARGE ]I:  Going to connect to ODBC connection string: DRIVER={PostgreSQL};SERVER=aurpg02-instance-1.czzdit7hfndz.us-east-2.rds.amazonaws.com;DATABASE=aurpg02;PORT=5432;MaxVarcharSize=32768;UID=postgres;  (odbc_endpoint_imp.c:1930)
2021-01-14T19:51:44 [VALIDATOR_TARGE ]I:  Going to connect to ODBC connection string: DRIVER={PostgreSQL};SERVER=aurpg02-instance-1.czzdit7hfndz.us-east-2.rds.amazonaws.com;DATABASE=aurpg02;PORT=5432;MaxVarcharSize=32768;UID=postgres;  (odbc_endpoint_imp.c:1930)
2021-01-14T19:51:44 [VALIDATOR_TARGE ]I:  Target endpoint 'PostgreSQL' is using provider syntax 'PostgreSQLLinux'  (provider_syntax_manager.c:628)
2021-01-14T19:51:44 [VALIDATOR_TARGE ]I:  postgres_set_encoding(...) Main encoding details: Name='UTF8', Language='all', isServerEncoding?='true' storageFactor=4, ConverterName='UTF-8'  (odbc_endpoint_imp.c:2567)
2021-01-14T19:51:44 [VALIDATOR_TARGE ]I:  Transaction size is 10000. Array size is 1000.  (odbc_endpoint_imp.c:881)
2021-01-14T19:51:44 [VALIDATOR_TARGE ]I:  Working in transactional apply mode  (endpointshell.c:1949)
2021-01-14T19:51:44 [VALIDATOR_TARGE ]I:  Target endpoint 'PostgreSQL' is using provider syntax 'PostgreSQLLinux'  (provider_syntax_manager.c:628)
2021-01-14T19:51:44 [SOURCE_CAPTURE  ]I:  Start processing online Redo log sequence 885 thread 1  (oradcdc_redo.c:759)
2021-01-14T19:51:44 [SOURCE_CAPTURE  ]I:  Oracle Redo compatibility version 13000000  (oradcdc_redo.c:761)
2021-01-14T19:51:44 [VALIDATOR_TARGE ]I:  Target endpoint 'PostgreSQL' is using provider syntax 'PostgreSQLLinux'  (provider_syntax_manager.c:628)
2021-01-14T19:51:44 [SOURCE_CAPTURE  ]I:  Start REDO fetch from the context 00000000.004239ad.00000001.0000.00.0000:885.114.16, thread 1  (oradcdc_thread.c:2546)
2021-01-14T19:51:44 [VALIDATOR_TARGE ]I:  Target endpoint 'PostgreSQL' is using provider syntax 'PostgreSQLLinux'  (provider_syntax_manager.c:628)
2021-01-14T19:51:44 [VALIDATOR_TARGE ]I:  Target endpoint 'PostgreSQL' is using provider syntax 'PostgreSQLLinux'  (provider_syntax_manager.c:628)
2021-01-14T19:51:44 [VALIDATOR_TARGE ]I:  postgres_set_encoding(...) Main encoding details: Name='UTF8', Language='all', isServerEncoding?='true' storageFactor=4, ConverterName='UTF-8'  (odbc_endpoint_imp.c:2567)
2021-01-14T19:51:44 [VALIDATOR_TARGE ]I:  Target endpoint 'PostgreSQL' is using provider syntax 'PostgreSQLLinux'  (provider_syntax_manager.c:628)
2021-01-14T19:51:44 [VALIDATOR_TARGE ]I:  postgres_set_encoding(...) Main encoding details: Name='UTF8', Language='all', isServerEncoding?='true' storageFactor=4, ConverterName='UTF-8'  (odbc_endpoint_imp.c:2567)
2021-01-14T19:51:44 [VALIDATOR_TARGE ]I:  postgres_set_encoding(...) Main encoding details: Name='UTF8', Language='all', isServerEncoding?='true' storageFactor=4, ConverterName='UTF-8'  (odbc_endpoint_imp.c:2567)
2021-01-14T19:51:44 [VALIDATOR_TARGE ]I:  postgres_set_encoding(...) Main encoding details: Name='UTF8', Language='all', isServerEncoding?='true' storageFactor=4, ConverterName='UTF-8'  (odbc_endpoint_imp.c:2567)
2021-01-14T19:51:44 [VALIDATOR_TARGE ]I:  postgres_set_encoding(...) Main encoding details: Name='UTF8', Language='all', isServerEncoding?='true' storageFactor=4, ConverterName='UTF-8'  (odbc_endpoint_imp.c:2567)
2021-01-14T19:51:45 [SOURCE_CAPTURE  ]I:  Oracle BPS Log Record descriptor is supported  (oradcdc_thread.c:1513)
2021-01-14T19:51:50 [SOURCE_CAPTURE  ]I:  No opened transactions  (oracle_endpoint_capture.c:968)
2021-01-14T19:51:50 [SORTER          ]I:  Correcting source database time by 0 microseconds  (sorter_transaction.c:221)
2021-01-14T19:51:50 [TASK_MANAGER    ]I:  Starting replication now  (replicationtask.c:2735)
2021-01-14T19:51:50 [TASK_MANAGER    ]I:  Task - HSVLZ47BNLHC7RROIHZQ4G4OJLGCASAU6ZQ4X5Q is in RUNNING state, updating starting status to AR_RUNNING  (repository.c:5111)
2021-01-14T19:51:50 [TASK_MANAGER    ]I:  Starting subtask #1  (replicationtask_util.c:521)
2021-01-14T19:51:50 [TASK_MANAGER    ]I:  Starting subtask #2  (replicationtask_util.c:521)
2021-01-14T19:51:50 [TASK_MANAGER    ]I:  Starting subtask #3  (replicationtask_util.c:521)
2021-01-14T19:51:51 [TASK_MANAGER    ]I:  Starting subtask #4  (replicationtask_util.c:521)
2021-01-14T19:51:51 [TASK_MANAGER    ]I:  Starting subtask #5  (replicationtask_util.c:521)
2021-01-14T19:51:51 [TASK_MANAGER    ]I:  Starting subtask #6  (replicationtask_util.c:521)
2021-01-14T19:51:51 [TASK_MANAGER    ]I:  Starting subtask #7  (replicationtask_util.c:521)
2021-01-14T19:51:51 [SOURCE_UNLOAD   ]I:  Connecting to Oracle: Beginning session  (oracle_endpoint_conn.c:958)
2021-01-14T19:51:51 [SOURCE_UNLOAD   ]I:  Database role is 'PRIMARY'  (oracle_endpoint_conn.c:139)
2021-01-14T19:51:51 [SOURCE_UNLOAD   ]I:  SUPPLEMENTAL_LOG_DATA_PK is set  (oracle_endpoint_conn.c:148)
2021-01-14T19:51:51 [TARGET_LOAD     ]I:  Going to connect to ODBC connection string: PROTOCOL=7.4-0;DRIVER={PostgreSQL};SERVER=aurpg02-instance-1.czzdit7hfndz.us-east-2.rds.amazonaws.com;DATABASE=aurpg02;PORT=5432;MaxVarcharSize=32768;UID=postgres;  (odbc_endpoint_imp.c:1930)
2021-01-14T19:51:51 [TARGET_LOAD     ]I:  Target endpoint 'PostgreSQL' is using provider syntax 'PostgreSQLLinux'  (provider_syntax_manager.c:628)
2021-01-14T19:51:51 [TARGET_LOAD     ]I:  postgres_set_encoding(...) Main encoding details: Name='UTF8', Language='all', isServerEncoding?='true' storageFactor=4, ConverterName='UTF-8'  (odbc_endpoint_imp.c:2567)
2021-01-14T19:51:51 [TARGET_LOAD     ]I:  Transaction size is 10000. Array size is 1000.  (odbc_endpoint_imp.c:881)
2021-01-14T19:51:51 [SOURCE_CAPTURE  ]I:  Connecting to Oracle: Beginning session  (oracle_endpoint_conn.c:958)
2021-01-14T19:51:51 [SOURCE_CAPTURE  ]I:  Source endpoint 'Oracle' is using provider syntax 'Oracle'  (provider_syntax_manager.c:622)
2021-01-14T19:51:51 [TARGET_LOAD     ]I:  Going to connect to ODBC connection string: PROTOCOL=7.4-0;DRIVER={PostgreSQL};SERVER=aurpg02-instance-1.czzdit7hfndz.us-east-2.rds.amazonaws.com;DATABASE=aurpg02;PORT=5432;MaxVarcharSize=32768;UID=postgres;  (odbc_endpoint_imp.c:1930)
2021-01-14T19:51:51 [TABLES_MANAGER  ]I:  Next table to load 'CUSTOMER_ORDERS'.'CUSTOMERS' ID = 1, order = 0  (tasktablesmanager.c:1827)
2021-01-14T19:51:51 [SORTER          ]I:  Start collecting changes for table id = 1  (sorter_transaction.c:2217)
2021-01-14T19:51:51 [TASK_MANAGER    ]I:  Starting subtask #8  (replicationtask_util.c:521)
2021-01-14T19:51:51 [TASK_MANAGER    ]I:  Start loading table 'CUSTOMER_ORDERS'.'CUSTOMERS' (Id = 1) by subtask 1. Start load timestamp 0005B8E196296180  (replicationtask_util.c:747)
2021-01-14T19:51:51 [TARGET_LOAD     ]I:  Target endpoint 'PostgreSQL' is using provider syntax 'PostgreSQLLinux'  (provider_syntax_manager.c:628)
2021-01-14T19:51:51 [TARGET_LOAD     ]I:  postgres_set_encoding(...) Main encoding details: Name='UTF8', Language='all', isServerEncoding?='true' storageFactor=4, ConverterName='UTF-8'  (odbc_endpoint_imp.c:2567)
2021-01-14T19:51:51 [TARGET_LOAD     ]I:  Transaction size is 10000. Array size is 1000.  (odbc_endpoint_imp.c:881)
2021-01-14T19:51:51 [SOURCE_CAPTURE  ]I:  Connecting to Oracle: Beginning session  (oracle_endpoint_conn.c:958)
2021-01-14T19:51:51 [SOURCE_CAPTURE  ]I:  Source endpoint 'Oracle' is using provider syntax 'Oracle'  (provider_syntax_manager.c:622)
2021-01-14T19:51:51 [SOURCE_UNLOAD   ]I:  Connecting to Oracle: Beginning session  (oracle_endpoint_conn.c:958)
2021-01-14T19:51:51 [SOURCE_UNLOAD   ]I:  Database role is 'PRIMARY'  (oracle_endpoint_conn.c:139)
2021-01-14T19:51:51 [SOURCE_UNLOAD   ]I:  SUPPLEMENTAL_LOG_DATA_PK is set  (oracle_endpoint_conn.c:148)
2021-01-14T19:51:51 [TABLES_MANAGER  ]I:  Next table to load 'CUSTOMER_ORDERS'.'INVENTORY' ID = 2, order = 0  (tasktablesmanager.c:1827)
2021-01-14T19:51:51 [SORTER          ]I:  Start collecting changes for table id = 2  (sorter_transaction.c:2217)
2021-01-14T19:51:51 [TASK_MANAGER    ]I:  Start loading table 'CUSTOMER_ORDERS'.'INVENTORY' (Id = 2) by subtask 2. Start load timestamp 0005B8E196296180  (replicationtask_util.c:747)
2021-01-14T19:51:51 [SOURCE_UNLOAD   ]I:  Connecting to Oracle: Beginning session  (oracle_endpoint_conn.c:958)
2021-01-14T19:51:51 [SOURCE_UNLOAD   ]I:  Database role is 'PRIMARY'  (oracle_endpoint_conn.c:139)
2021-01-14T19:51:51 [SOURCE_UNLOAD   ]I:  SUPPLEMENTAL_LOG_DATA_PK is set  (oracle_endpoint_conn.c:148)
2021-01-14T19:51:52 [TARGET_LOAD     ]I:  Going to connect to ODBC connection string: PROTOCOL=7.4-0;DRIVER={PostgreSQL};SERVER=aurpg02-instance-1.czzdit7hfndz.us-east-2.rds.amazonaws.com;DATABASE=aurpg02;PORT=5432;MaxVarcharSize=32768;UID=postgres;  (odbc_endpoint_imp.c:1930)
2021-01-14T19:51:52 [TARGET_LOAD     ]I:  Target endpoint 'PostgreSQL' is using provider syntax 'PostgreSQLLinux'  (provider_syntax_manager.c:628)
2021-01-14T19:51:52 [TARGET_LOAD     ]I:  postgres_set_encoding(...) Main encoding details: Name='UTF8', Language='all', isServerEncoding?='true' storageFactor=4, ConverterName='UTF-8'  (odbc_endpoint_imp.c:2567)
2021-01-14T19:51:52 [TARGET_LOAD     ]I:  Transaction size is 10000. Array size is 1000.  (odbc_endpoint_imp.c:881)
2021-01-14T19:51:52 [SOURCE_CAPTURE  ]I:  Connecting to Oracle: Beginning session  (oracle_endpoint_conn.c:958)
2021-01-14T19:51:52 [SOURCE_CAPTURE  ]I:  Source endpoint 'Oracle' is using provider syntax 'Oracle'  (provider_syntax_manager.c:622)
2021-01-14T19:51:52 [SOURCE_UNLOAD   ]I:  Connecting to Oracle: Beginning session  (oracle_endpoint_conn.c:958)
2021-01-14T19:51:52 [TABLES_MANAGER  ]I:  Next table to load 'CUSTOMER_ORDERS'.'ORDERS' ID = 3, order = 0  (tasktablesmanager.c:1827)
2021-01-14T19:51:52 [SORTER          ]I:  Start collecting changes for table id = 3  (sorter_transaction.c:2217)
2021-01-14T19:51:52 [TASK_MANAGER    ]I:  Start loading table 'CUSTOMER_ORDERS'.'ORDERS' (Id = 3) by subtask 3. Start load timestamp 0005B8E19638A3C0  (replicationtask_util.c:747)
2021-01-14T19:51:52 [SOURCE_UNLOAD   ]I:  Database role is 'PRIMARY'  (oracle_endpoint_conn.c:139)
2021-01-14T19:51:52 [SOURCE_UNLOAD   ]I:  SUPPLEMENTAL_LOG_DATA_PK is set  (oracle_endpoint_conn.c:148)
2021-01-14T19:51:52 [TARGET_LOAD     ]I:  Going to connect to ODBC connection string: PROTOCOL=7.4-0;DRIVER={PostgreSQL};SERVER=aurpg02-instance-1.czzdit7hfndz.us-east-2.rds.amazonaws.com;DATABASE=aurpg02;PORT=5432;MaxVarcharSize=32768;UID=postgres;  (odbc_endpoint_imp.c:1930)
2021-01-14T19:51:52 [SOURCE_UNLOAD   ]I:  Unload finished for table 'CUSTOMER_ORDERS'.'CUSTOMERS' (Id = 1). 392 rows sent.  (streamcomponent.c:3528)
2021-01-14T19:51:52 [TARGET_LOAD     ]I:  Target endpoint 'PostgreSQL' is using provider syntax 'PostgreSQLLinux'  (provider_syntax_manager.c:628)
2021-01-14T19:51:52 [TARGET_LOAD     ]I:  postgres_set_encoding(...) Main encoding details: Name='UTF8', Language='all', isServerEncoding?='true' storageFactor=4, ConverterName='UTF-8'  (odbc_endpoint_imp.c:2567)
2021-01-14T19:51:52 [TARGET_LOAD     ]I:  Transaction size is 10000. Array size is 1000.  (odbc_endpoint_imp.c:881)
2021-01-14T19:51:52 [SOURCE_CAPTURE  ]I:  Connecting to Oracle: Beginning session  (oracle_endpoint_conn.c:958)
2021-01-14T19:51:52 [SOURCE_CAPTURE  ]I:  Source endpoint 'Oracle' is using provider syntax 'Oracle'  (provider_syntax_manager.c:622)
2021-01-14T19:51:52 [SOURCE_UNLOAD   ]I:  Unload finished for table 'CUSTOMER_ORDERS'.'INVENTORY' (Id = 2). 566 rows sent.  (streamcomponent.c:3528)
2021-01-14T19:51:52 [SOURCE_UNLOAD   ]I:  Connecting to Oracle: Beginning session  (oracle_endpoint_conn.c:958)
2021-01-14T19:51:52 [TABLES_MANAGER  ]I:  Next table to load 'CUSTOMER_ORDERS'.'ORDER_ITEMS' ID = 4, order = 0  (tasktablesmanager.c:1827)
2021-01-14T19:51:52 [SORTER          ]I:  Start collecting changes for table id = 4  (sorter_transaction.c:2217)
2021-01-14T19:51:52 [TASK_MANAGER    ]I:  Start loading table 'CUSTOMER_ORDERS'.'ORDER_ITEMS' (Id = 4) by subtask 4. Start load timestamp 0005B8E19638A3C0  (replicationtask_util.c:747)
2021-01-14T19:51:52 [SOURCE_UNLOAD   ]I:  Database role is 'PRIMARY'  (oracle_endpoint_conn.c:139)
2021-01-14T19:51:52 [SOURCE_UNLOAD   ]I:  SUPPLEMENTAL_LOG_DATA_PK is set  (oracle_endpoint_conn.c:148)
2021-01-14T19:51:52 [TARGET_LOAD     ]I:  Going to connect to ODBC connection string: PROTOCOL=7.4-0;DRIVER={PostgreSQL};SERVER=aurpg02-instance-1.czzdit7hfndz.us-east-2.rds.amazonaws.com;DATABASE=aurpg02;PORT=5432;MaxVarcharSize=32768;UID=postgres;  (odbc_endpoint_imp.c:1930)
2021-01-14T19:51:52 [TARGET_LOAD     ]I:  Target endpoint 'PostgreSQL' is using provider syntax 'PostgreSQLLinux'  (provider_syntax_manager.c:628)
2021-01-14T19:51:52 [TARGET_LOAD     ]I:  Load finished for table 'CUSTOMER_ORDERS'.'CUSTOMERS' (Id = 1). 392 rows received. 0 rows skipped. Volume transferred 178424.  (streamcomponent.c:3815)
2021-01-14T19:51:53 [TARGET_LOAD     ]I:  Load finished for table 'CUSTOMER_ORDERS'.'INVENTORY' (Id = 2). 566 rows received. 0 rows skipped. Volume transferred 280736.  (streamcomponent.c:3815)
2021-01-14T19:51:53 [TARGET_LOAD     ]I:  postgres_set_encoding(...) Main encoding details: Name='UTF8', Language='all', isServerEncoding?='true' storageFactor=4, ConverterName='UTF-8'  (odbc_endpoint_imp.c:2567)
2021-01-14T19:51:53 [TARGET_LOAD     ]I:  Transaction size is 10000. Array size is 1000.  (odbc_endpoint_imp.c:881)
2021-01-14T19:51:53 [SOURCE_CAPTURE  ]I:  Connecting to Oracle: Beginning session  (oracle_endpoint_conn.c:958)
2021-01-14T19:51:53 [TASK_MANAGER    ]I:  Loading finished for table 'CUSTOMER_ORDERS'.'CUSTOMERS' (Id = 1) by subtask 1. 392 records transferred.  (replicationtask.c:2407)
2021-01-14T19:51:53 [SOURCE_CAPTURE  ]I:  Source endpoint 'Oracle' is using provider syntax 'Oracle'  (provider_syntax_manager.c:622)
2021-01-14T19:51:53 [TABLES_MANAGER  ]I:  Next table to load 'CUSTOMER_ORDERS'.'PRODUCTS' ID = 5, order = 0  (tasktablesmanager.c:1827)
2021-01-14T19:51:53 [SORTER          ]I:  Start collecting changes for table id = 5  (sorter_transaction.c:2217)
2021-01-14T19:51:53 [TASK_MANAGER    ]I:  Start loading table 'CUSTOMER_ORDERS'.'PRODUCTS' (Id = 5) by subtask 1. Start load timestamp 0005B8E19647E600  (replicationtask_util.c:747)
2021-01-14T19:51:53 [TABLES_MANAGER  ]I:  Next table to load 'CUSTOMER_ORDERS'.'SHIPMENTS' ID = 6, order = 0  (tasktablesmanager.c:1827)
2021-01-14T19:51:53 [SORTER          ]I:  Start collecting changes for table id = 6  (sorter_transaction.c:2217)
2021-01-14T19:51:53 [TASK_MANAGER    ]I:  Start loading table 'CUSTOMER_ORDERS'.'SHIPMENTS' (Id = 6) by subtask 5. Start load timestamp 0005B8E19647E600  (replicationtask_util.c:747)
2021-01-14T19:51:53 [SOURCE_UNLOAD   ]I:  Connecting to Oracle: Beginning session  (oracle_endpoint_conn.c:958)
2021-01-14T19:51:53 [TASK_MANAGER    ]I:  Loading finished for table 'CUSTOMER_ORDERS'.'INVENTORY' (Id = 2) by subtask 2. 566 records transferred.  (replicationtask.c:2407)
2021-01-14T19:51:53 [SOURCE_UNLOAD   ]I:  Unload finished for table 'CUSTOMER_ORDERS'.'ORDER_ITEMS' (Id = 4). 3914 rows sent.  (streamcomponent.c:3528)
2021-01-14T19:51:53 [TABLES_MANAGER  ]I:  Next table to load 'CUSTOMER_ORDERS'.'STORES' ID = 7, order = 0  (tasktablesmanager.c:1827)
2021-01-14T19:51:53 [SORTER          ]I:  Start collecting changes for table id = 7  (sorter_transaction.c:2217)
2021-01-14T19:51:53 [TASK_MANAGER    ]I:  Start loading table 'CUSTOMER_ORDERS'.'STORES' (Id = 7) by subtask 2. Start load timestamp 0005B8E19647E600  (replicationtask_util.c:747)
2021-01-14T19:51:53 [SOURCE_UNLOAD   ]I:  Database role is 'PRIMARY'  (oracle_endpoint_conn.c:139)
2021-01-14T19:51:53 [SOURCE_UNLOAD   ]I:  SUPPLEMENTAL_LOG_DATA_PK is set  (oracle_endpoint_conn.c:148)
2021-01-14T19:51:53 [TARGET_LOAD     ]I:  Going to connect to ODBC connection string: PROTOCOL=7.4-0;DRIVER={PostgreSQL};SERVER=aurpg02-instance-1.czzdit7hfndz.us-east-2.rds.amazonaws.com;DATABASE=aurpg02;PORT=5432;MaxVarcharSize=32768;UID=postgres;  (odbc_endpoint_imp.c:1930)
2021-01-14T19:51:53 [TARGET_LOAD     ]I:  Target endpoint 'PostgreSQL' is using provider syntax 'PostgreSQLLinux'  (provider_syntax_manager.c:628)
2021-01-14T19:51:53 [SOURCE_UNLOAD   ]I:  Unload finished for table 'CUSTOMER_ORDERS'.'PRODUCTS' (Id = 5). 46 rows sent.  (streamcomponent.c:3528)
2021-01-14T19:51:53 [SOURCE_UNLOAD   ]I:  Unload finished for table 'CUSTOMER_ORDERS'.'SHIPMENTS' (Id = 6). 1892 rows sent.  (streamcomponent.c:3528)
2021-01-14T19:51:53 [TARGET_LOAD     ]I:  postgres_set_encoding(...) Main encoding details: Name='UTF8', Language='all', isServerEncoding?='true' storageFactor=4, ConverterName='UTF-8'  (odbc_endpoint_imp.c:2567)
2021-01-14T19:51:53 [TARGET_LOAD     ]I:  Transaction size is 10000. Array size is 1000.  (odbc_endpoint_imp.c:881)
2021-01-14T19:51:53 [SOURCE_UNLOAD   ]I:  Unload finished for table 'CUSTOMER_ORDERS'.'ORDERS' (Id = 3). 131137 rows sent.  (streamcomponent.c:3528)
2021-01-14T19:51:53 [TARGET_LOAD     ]I:  Load finished for table 'CUSTOMER_ORDERS'.'ORDERS' (Id = 3). 131137 rows received. 0 rows skipped. Volume transferred 69261536.  (streamcomponent.c:3815)
2021-01-14T19:51:53 [TARGET_LOAD     ]I:  Load finished for table 'CUSTOMER_ORDERS'.'ORDER_ITEMS' (Id = 4). 3914 rows received. 0 rows skipped. Volume transferred 2350000.  (streamcomponent.c:3815)
2021-01-14T19:51:53 [SOURCE_CAPTURE  ]I:  Connecting to Oracle: Beginning session  (oracle_endpoint_conn.c:958)
2021-01-14T19:51:53 [SOURCE_CAPTURE  ]I:  Source endpoint 'Oracle' is using provider syntax 'Oracle'  (provider_syntax_manager.c:622)
2021-01-14T19:51:53 [TARGET_LOAD     ]I:  Going to connect to ODBC connection string: PROTOCOL=7.4-0;DRIVER={PostgreSQL};SERVER=aurpg02-instance-1.czzdit7hfndz.us-east-2.rds.amazonaws.com;DATABASE=aurpg02;PORT=5432;MaxVarcharSize=32768;UID=postgres;  (odbc_endpoint_imp.c:1930)
2021-01-14T19:51:54 [SOURCE_UNLOAD   ]I:  Unload finished for table 'CUSTOMER_ORDERS'.'STORES' (Id = 7). 23 rows sent.  (streamcomponent.c:3528)
2021-01-14T19:51:54 [TARGET_LOAD     ]I:  Target endpoint 'PostgreSQL' is using provider syntax 'PostgreSQLLinux'  (provider_syntax_manager.c:628)
2021-01-14T19:51:54 [TASK_MANAGER    ]I:  Loading finished for table 'CUSTOMER_ORDERS'.'ORDER_ITEMS' (Id = 4) by subtask 4. 3914 records transferred.  (replicationtask.c:2407)
2021-01-14T19:51:54 [TARGET_LOAD     ]I:  Load finished for table 'CUSTOMER_ORDERS'.'PRODUCTS' (Id = 5). 46 rows received. 0 rows skipped. Volume transferred 67080.  (streamcomponent.c:3815)
2021-01-14T19:51:54 [SOURCE_UNLOAD   ]I:  Disconnecting Oracle database  (oracle_endpoint_conn.c:1286)
2021-01-14T19:51:54 [SOURCE_CAPTURE  ]I:  Disconnecting Oracle database  (oracle_endpoint_conn.c:1286)
2021-01-14T19:51:54 [SOURCE_UNLOAD   ]I:  Disconnected Oracle database  (oracle_endpoint_conn.c:1321)
2021-01-14T19:51:54 [SOURCE_CAPTURE  ]I:  Disconnected Oracle database  (oracle_endpoint_conn.c:1321)
2021-01-14T19:51:54 [TARGET_LOAD     ]I:  postgres_set_encoding(...) Main encoding details: Name='UTF8', Language='all', isServerEncoding?='true' storageFactor=4, ConverterName='UTF-8'  (odbc_endpoint_imp.c:2567)
2021-01-14T19:51:54 [TARGET_LOAD     ]I:  Transaction size is 10000. Array size is 1000.  (odbc_endpoint_imp.c:881)
2021-01-14T19:51:54 [SOURCE_CAPTURE  ]I:  Connecting to Oracle: Beginning session  (oracle_endpoint_conn.c:958)
2021-01-14T19:51:54 [TASK_MANAGER    ]I:  Subtask #4 ended  (replicationtask_util.c:589)
2021-01-14T19:51:54 [SOURCE_CAPTURE  ]I:  Source endpoint 'Oracle' is using provider syntax 'Oracle'  (provider_syntax_manager.c:622)
2021-01-14T19:51:54 [TARGET_LOAD     ]I:  Load finished for table 'CUSTOMER_ORDERS'.'SHIPMENTS' (Id = 6). 1892 rows received. 0 rows skipped. Volume transferred 1032520.  (streamcomponent.c:3815)
2021-01-14T19:51:54 [SOURCE_UNLOAD   ]I:  Connecting to Oracle: Beginning session  (oracle_endpoint_conn.c:958)
2021-01-14T19:51:54 [SOURCE_UNLOAD   ]I:  Database role is 'PRIMARY'  (oracle_endpoint_conn.c:139)
2021-01-14T19:51:54 [SOURCE_UNLOAD   ]I:  SUPPLEMENTAL_LOG_DATA_PK is set  (oracle_endpoint_conn.c:148)
2021-01-14T19:51:54 [TARGET_LOAD     ]I:  Going to connect to ODBC connection string: PROTOCOL=7.4-0;DRIVER={PostgreSQL};SERVER=aurpg02-instance-1.czzdit7hfndz.us-east-2.rds.amazonaws.com;DATABASE=aurpg02;PORT=5432;MaxVarcharSize=32768;UID=postgres;  (odbc_endpoint_imp.c:1930)
2021-01-14T19:51:54 [TASK_MANAGER    ]I:  Starting subtask #4  (replicationtask_util.c:521)
2021-01-14T19:51:54 [TASK_MANAGER    ]I:  Loading finished for table 'CUSTOMER_ORDERS'.'PRODUCTS' (Id = 5) by subtask 1. 46 records transferred.  (replicationtask.c:2407)
2021-01-14T19:51:54 [SOURCE_UNLOAD   ]I:  Disconnecting Oracle database  (oracle_endpoint_conn.c:1286)
2021-01-14T19:51:54 [SOURCE_CAPTURE  ]I:  Disconnecting Oracle database  (oracle_endpoint_conn.c:1286)
2021-01-14T19:51:54 [SOURCE_CAPTURE  ]I:  Disconnected Oracle database  (oracle_endpoint_conn.c:1321)
2021-01-14T19:51:54 [SOURCE_UNLOAD   ]I:  Disconnected Oracle database  (oracle_endpoint_conn.c:1321)
2021-01-14T19:51:54 [TASK_MANAGER    ]I:  Subtask #1 ended  (replicationtask_util.c:589)
2021-01-14T19:51:54 [TARGET_LOAD     ]I:  Load finished for table 'CUSTOMER_ORDERS'.'STORES' (Id = 7). 23 rows received. 0 rows skipped. Volume transferred 17304.  (streamcomponent.c:3815)
2021-01-14T19:51:54 [TARGET_LOAD     ]I:  Target endpoint 'PostgreSQL' is using provider syntax 'PostgreSQLLinux'  (provider_syntax_manager.c:628)
2021-01-14T19:51:54 [TASK_MANAGER    ]I:  Loading finished for table 'CUSTOMER_ORDERS'.'SHIPMENTS' (Id = 6) by subtask 5. 1892 records transferred.  (replicationtask.c:2407)
2021-01-14T19:51:54 [SOURCE_UNLOAD   ]I:  Disconnecting Oracle database  (oracle_endpoint_conn.c:1286)
2021-01-14T19:51:54 [SOURCE_CAPTURE  ]I:  Disconnecting Oracle database  (oracle_endpoint_conn.c:1286)
2021-01-14T19:51:54 [SOURCE_CAPTURE  ]I:  Disconnected Oracle database  (oracle_endpoint_conn.c:1321)
2021-01-14T19:51:54 [SOURCE_UNLOAD   ]I:  Disconnected Oracle database  (oracle_endpoint_conn.c:1321)
2021-01-14T19:51:54 [TASK_MANAGER    ]I:  Loading finished for table 'CUSTOMER_ORDERS'.'STORES' (Id = 7) by subtask 2. 23 records transferred.  (replicationtask.c:2407)
2021-01-14T19:51:54 [SOURCE_UNLOAD   ]I:  Disconnecting Oracle database  (oracle_endpoint_conn.c:1286)
2021-01-14T19:51:54 [TASK_MANAGER    ]I:  Subtask #5 ended  (replicationtask_util.c:589)
2021-01-14T19:51:54 [SOURCE_CAPTURE  ]I:  Disconnecting Oracle database  (oracle_endpoint_conn.c:1286)
2021-01-14T19:51:54 [SOURCE_CAPTURE  ]I:  Disconnected Oracle database  (oracle_endpoint_conn.c:1321)
2021-01-14T19:51:54 [SOURCE_UNLOAD   ]I:  Disconnected Oracle database  (oracle_endpoint_conn.c:1321)
2021-01-14T19:51:54 [TARGET_LOAD     ]I:  postgres_set_encoding(...) Main encoding details: Name='UTF8', Language='all', isServerEncoding?='true' storageFactor=4, ConverterName='UTF-8'  (odbc_endpoint_imp.c:2567)
2021-01-14T19:51:54 [TARGET_LOAD     ]I:  Transaction size is 10000. Array size is 1000.  (odbc_endpoint_imp.c:881)
2021-01-14T19:51:54 [SOURCE_CAPTURE  ]I:  Connecting to Oracle: Beginning session  (oracle_endpoint_conn.c:958)
2021-01-14T19:51:54 [TASK_MANAGER    ]I:  Subtask #2 ended  (replicationtask_util.c:589)
2021-01-14T19:51:54 [SOURCE_CAPTURE  ]I:  Source endpoint 'Oracle' is using provider syntax 'Oracle'  (provider_syntax_manager.c:622)
2021-01-14T19:51:54 [SOURCE_UNLOAD   ]I:  Connecting to Oracle: Beginning session  (oracle_endpoint_conn.c:958)
2021-01-14T19:51:54 [SOURCE_UNLOAD   ]I:  Database role is 'PRIMARY'  (oracle_endpoint_conn.c:139)
2021-01-14T19:51:54 [SOURCE_UNLOAD   ]I:  SUPPLEMENTAL_LOG_DATA_PK is set  (oracle_endpoint_conn.c:148)
2021-01-14T19:51:54 [TARGET_LOAD     ]I:  Going to connect to ODBC connection string: PROTOCOL=7.4-0;DRIVER={PostgreSQL};SERVER=aurpg02-instance-1.czzdit7hfndz.us-east-2.rds.amazonaws.com;DATABASE=aurpg02;PORT=5432;MaxVarcharSize=32768;UID=postgres;  (odbc_endpoint_imp.c:1930)
2021-01-14T19:51:55 [TASK_MANAGER    ]I:  Starting subtask #1  (replicationtask_util.c:521)
2021-01-14T19:51:55 [TASK_MANAGER    ]I:  Starting subtask #2  (replicationtask_util.c:521)
2021-01-14T19:51:55 [TASK_MANAGER    ]I:  Starting subtask #5  (replicationtask_util.c:521)
2021-01-14T19:51:55 [TARGET_LOAD     ]I:  Target endpoint 'PostgreSQL' is using provider syntax 'PostgreSQLLinux'  (provider_syntax_manager.c:628)
2021-01-14T19:51:55 [TARGET_LOAD     ]I:  postgres_set_encoding(...) Main encoding details: Name='UTF8', Language='all', isServerEncoding?='true' storageFactor=4, ConverterName='UTF-8'  (odbc_endpoint_imp.c:2567)
2021-01-14T19:51:55 [TARGET_LOAD     ]I:  Transaction size is 10000. Array size is 1000.  (odbc_endpoint_imp.c:881)
2021-01-14T19:51:55 [SOURCE_CAPTURE  ]I:  Connecting to Oracle: Beginning session  (oracle_endpoint_conn.c:958)
2021-01-14T19:51:55 [SOURCE_CAPTURE  ]I:  Source endpoint 'Oracle' is using provider syntax 'Oracle'  (provider_syntax_manager.c:622)
2021-01-14T19:51:55 [SOURCE_UNLOAD   ]I:  Connecting to Oracle: Beginning session  (oracle_endpoint_conn.c:958)
2021-01-14T19:51:55 [SOURCE_UNLOAD   ]I:  Database role is 'PRIMARY'  (oracle_endpoint_conn.c:139)
2021-01-14T19:51:55 [SOURCE_UNLOAD   ]I:  SUPPLEMENTAL_LOG_DATA_PK is set  (oracle_endpoint_conn.c:148)
2021-01-14T19:51:55 [TARGET_LOAD     ]I:  Going to connect to ODBC connection string: PROTOCOL=7.4-0;DRIVER={PostgreSQL};SERVER=aurpg02-instance-1.czzdit7hfndz.us-east-2.rds.amazonaws.com;DATABASE=aurpg02;PORT=5432;MaxVarcharSize=32768;UID=postgres;  (odbc_endpoint_imp.c:1930)
2021-01-14T19:51:55 [TARGET_LOAD     ]I:  Target endpoint 'PostgreSQL' is using provider syntax 'PostgreSQLLinux'  (provider_syntax_manager.c:628)
2021-01-14T19:51:55 [TARGET_LOAD     ]I:  postgres_set_encoding(...) Main encoding details: Name='UTF8', Language='all', isServerEncoding?='true' storageFactor=4, ConverterName='UTF-8'  (odbc_endpoint_imp.c:2567)
2021-01-14T19:51:55 [TARGET_LOAD     ]I:  Transaction size is 10000. Array size is 1000.  (odbc_endpoint_imp.c:881)
2021-01-14T19:51:55 [SOURCE_CAPTURE  ]I:  Connecting to Oracle: Beginning session  (oracle_endpoint_conn.c:958)
2021-01-14T19:51:55 [SOURCE_CAPTURE  ]I:  Source endpoint 'Oracle' is using provider syntax 'Oracle'  (provider_syntax_manager.c:622)
2021-01-14T19:51:55 [SOURCE_UNLOAD   ]I:  Connecting to Oracle: Beginning session  (oracle_endpoint_conn.c:958)
2021-01-14T19:51:55 [SOURCE_UNLOAD   ]I:  Database role is 'PRIMARY'  (oracle_endpoint_conn.c:139)
2021-01-14T19:51:55 [SOURCE_UNLOAD   ]I:  SUPPLEMENTAL_LOG_DATA_PK is set  (oracle_endpoint_conn.c:148)
2021-01-14T19:51:55 [TARGET_LOAD     ]I:  Going to connect to ODBC connection string: PROTOCOL=7.4-0;DRIVER={PostgreSQL};SERVER=aurpg02-instance-1.czzdit7hfndz.us-east-2.rds.amazonaws.com;DATABASE=aurpg02;PORT=5432;MaxVarcharSize=32768;UID=postgres;  (odbc_endpoint_imp.c:1930)
2021-01-14T19:51:55 [TARGET_LOAD     ]I:  Target endpoint 'PostgreSQL' is using provider syntax 'PostgreSQLLinux'  (provider_syntax_manager.c:628)
2021-01-14T19:51:56 [TARGET_LOAD     ]I:  postgres_set_encoding(...) Main encoding details: Name='UTF8', Language='all', isServerEncoding?='true' storageFactor=4, ConverterName='UTF-8'  (odbc_endpoint_imp.c:2567)
2021-01-14T19:51:56 [TARGET_LOAD     ]I:  Transaction size is 10000. Array size is 1000.  (odbc_endpoint_imp.c:881)
2021-01-14T19:51:56 [SOURCE_CAPTURE  ]I:  Connecting to Oracle: Beginning session  (oracle_endpoint_conn.c:958)
2021-01-14T19:51:56 [SOURCE_CAPTURE  ]I:  Source endpoint 'Oracle' is using provider syntax 'Oracle'  (provider_syntax_manager.c:622)
2021-01-14T19:51:56 [SOURCE_UNLOAD   ]I:  Connecting to Oracle: Beginning session  (oracle_endpoint_conn.c:958)
2021-01-14T19:51:56 [SOURCE_UNLOAD   ]I:  Database role is 'PRIMARY'  (oracle_endpoint_conn.c:139)
2021-01-14T19:51:56 [SOURCE_UNLOAD   ]I:  SUPPLEMENTAL_LOG_DATA_PK is set  (oracle_endpoint_conn.c:148)
2021-01-14T19:51:56 [TARGET_LOAD     ]I:  Going to connect to ODBC connection string: PROTOCOL=7.4-0;DRIVER={PostgreSQL};SERVER=aurpg02-instance-1.czzdit7hfndz.us-east-2.rds.amazonaws.com;DATABASE=aurpg02;PORT=5432;MaxVarcharSize=32768;UID=postgres;  (odbc_endpoint_imp.c:1930)
2021-01-14T19:51:56 [TARGET_LOAD     ]I:  Target endpoint 'PostgreSQL' is using provider syntax 'PostgreSQLLinux'  (provider_syntax_manager.c:628)
2021-01-14T19:51:57 [TARGET_LOAD     ]I:  postgres_set_encoding(...) Main encoding details: Name='UTF8', Language='all', isServerEncoding?='true' storageFactor=4, ConverterName='UTF-8'  (odbc_endpoint_imp.c:2567)
2021-01-14T19:51:57 [TARGET_LOAD     ]I:  Transaction size is 10000. Array size is 1000.  (odbc_endpoint_imp.c:881)
2021-01-14T19:51:57 [SOURCE_CAPTURE  ]I:  Connecting to Oracle: Beginning session  (oracle_endpoint_conn.c:958)
2021-01-14T19:51:57 [SOURCE_CAPTURE  ]I:  Source endpoint 'Oracle' is using provider syntax 'Oracle'  (provider_syntax_manager.c:622)
2021-01-14T19:51:57 [SOURCE_UNLOAD   ]I:  Connecting to Oracle: Beginning session  (oracle_endpoint_conn.c:958)
2021-01-14T19:51:57 [SOURCE_UNLOAD   ]I:  Database role is 'PRIMARY'  (oracle_endpoint_conn.c:139)
2021-01-14T19:51:57 [SOURCE_UNLOAD   ]I:  SUPPLEMENTAL_LOG_DATA_PK is set  (oracle_endpoint_conn.c:148)
2021-01-14T19:51:57 [TASK_MANAGER    ]I:  Loading finished for table 'CUSTOMER_ORDERS'.'ORDERS' (Id = 3) by subtask 3. 131137 records transferred.  (replicationtask.c:2407)
2021-01-14T19:51:57 [SOURCE_UNLOAD   ]I:  Disconnecting Oracle database  (oracle_endpoint_conn.c:1286)
2021-01-14T19:51:57 [SOURCE_UNLOAD   ]I:  Disconnecting Oracle database  (oracle_endpoint_conn.c:1286)
2021-01-14T19:51:57 [SOURCE_CAPTURE  ]I:  Disconnecting Oracle database  (oracle_endpoint_conn.c:1286)
2021-01-14T19:51:57 [SOURCE_UNLOAD   ]I:  Disconnecting Oracle database  (oracle_endpoint_conn.c:1286)
2021-01-14T19:51:57 [SOURCE_CAPTURE  ]I:  Disconnecting Oracle database  (oracle_endpoint_conn.c:1286)
2021-01-14T19:51:57 [SOURCE_UNLOAD   ]I:  Disconnected Oracle database  (oracle_endpoint_conn.c:1321)
2021-01-14T19:51:57 [SOURCE_UNLOAD   ]I:  Disconnecting Oracle database  (oracle_endpoint_conn.c:1286)
2021-01-14T19:51:57 [SOURCE_CAPTURE  ]I:  Disconnecting Oracle database  (oracle_endpoint_conn.c:1286)
2021-01-14T19:51:57 [SOURCE_UNLOAD   ]I:  Disconnecting Oracle database  (oracle_endpoint_conn.c:1286)
2021-01-14T19:51:57 [SOURCE_CAPTURE  ]I:  Disconnecting Oracle database  (oracle_endpoint_conn.c:1286)
2021-01-14T19:51:57 [SOURCE_UNLOAD   ]I:  Disconnecting Oracle database  (oracle_endpoint_conn.c:1286)
2021-01-14T19:51:57 [SOURCE_CAPTURE  ]I:  Disconnecting Oracle database  (oracle_endpoint_conn.c:1286)
2021-01-14T19:51:57 [SOURCE_UNLOAD   ]I:  Disconnecting Oracle database  (oracle_endpoint_conn.c:1286)
2021-01-14T19:51:57 [SOURCE_CAPTURE  ]I:  Disconnecting Oracle database  (oracle_endpoint_conn.c:1286)
2021-01-14T19:51:57 [SOURCE_UNLOAD   ]I:  Disconnecting Oracle database  (oracle_endpoint_conn.c:1286)
2021-01-14T19:51:57 [SOURCE_CAPTURE  ]I:  Disconnecting Oracle database  (oracle_endpoint_conn.c:1286)
2021-01-14T19:51:57 [SOURCE_CAPTURE  ]I:  Disconnecting Oracle database  (oracle_endpoint_conn.c:1286)
2021-01-14T19:51:57 [SOURCE_UNLOAD   ]I:  Disconnected Oracle database  (oracle_endpoint_conn.c:1321)
2021-01-14T19:51:57 [SOURCE_UNLOAD   ]I:  Disconnected Oracle database  (oracle_endpoint_conn.c:1321)
2021-01-14T19:51:57 [SOURCE_CAPTURE  ]I:  Disconnected Oracle database  (oracle_endpoint_conn.c:1321)
2021-01-14T19:51:57 [SOURCE_CAPTURE  ]I:  Disconnected Oracle database  (oracle_endpoint_conn.c:1321)
2021-01-14T19:51:57 [SOURCE_UNLOAD   ]I:  Disconnected Oracle database  (oracle_endpoint_conn.c:1321)
2021-01-14T19:51:57 [SOURCE_CAPTURE  ]I:  Disconnected Oracle database  (oracle_endpoint_conn.c:1321)
2021-01-14T19:51:57 [SOURCE_UNLOAD   ]I:  Disconnected Oracle database  (oracle_endpoint_conn.c:1321)
2021-01-14T19:51:57 [SOURCE_CAPTURE  ]I:  Disconnected Oracle database  (oracle_endpoint_conn.c:1321)
2021-01-14T19:51:57 [SOURCE_UNLOAD   ]I:  Disconnected Oracle database  (oracle_endpoint_conn.c:1321)
2021-01-14T19:51:57 [SOURCE_CAPTURE  ]I:  Disconnected Oracle database  (oracle_endpoint_conn.c:1321)
2021-01-14T19:51:57 [SOURCE_CAPTURE  ]I:  Disconnected Oracle database  (oracle_endpoint_conn.c:1321)
2021-01-14T19:51:57 [SOURCE_UNLOAD   ]I:  Disconnected Oracle database  (oracle_endpoint_conn.c:1321)
2021-01-14T19:51:57 [SOURCE_UNLOAD   ]I:  Disconnected Oracle database  (oracle_endpoint_conn.c:1321)
2021-01-14T19:51:57 [SOURCE_CAPTURE  ]I:  Disconnected Oracle database  (oracle_endpoint_conn.c:1321)
2021-01-14T19:51:57 [SOURCE_CAPTURE  ]I:  Disconnected Oracle database  (oracle_endpoint_conn.c:1321)
2021-01-14T19:51:57 [TASK_MANAGER    ]I:  Subtask #3 ended  (replicationtask_util.c:589)
2021-01-14T19:51:57 [TASK_MANAGER    ]I:  Subtask #1 ended  (replicationtask_util.c:589)
2021-01-14T19:51:57 [TASK_MANAGER    ]I:  Subtask #4 ended  (replicationtask_util.c:589)
2021-01-14T19:51:57 [TASK_MANAGER    ]I:  Subtask #2 ended  (replicationtask_util.c:589)
2021-01-14T19:51:57 [TASK_MANAGER    ]I:  Subtask #7 ended  (replicationtask_util.c:589)
2021-01-14T19:51:57 [TASK_MANAGER    ]I:  Subtask #8 ended  (replicationtask_util.c:589)
2021-01-14T19:51:57 [TASK_MANAGER    ]I:  Subtask #6 ended  (replicationtask_util.c:589)
2021-01-14T19:51:57 [TASK_MANAGER    ]I:  Subtask #5 ended  (replicationtask_util.c:589)
2021-01-14T19:51:59 [VALIDATOR       ]I:  Setting the failure reporting disabled status to : 0  (sorter_transaction.c:3445)
2021-01-14T19:51:59 [VALIDATOR       ]I:  Setting the failure reporting disabled status to : 0  (partition_update_tracker.c:961)
2021-01-14T19:52:13 [VALIDATOR_SOURC ]I:  Going to connect to Oracle server (DESCRIPTION=(CONNECT_TIMEOUT=8)(ENABLE=BROKEN)(ADDRESS=(PROTOCOL=TCP)(HOST=octora01.czzdit7hfndz.us-east-2.rds.amazonaws.com)(PORT=1521))(CONNECT_DATA=(SERVICE_NAME=OCTORA01))) with username dmsuser  (oracle_endpoint_imp.c:1306)
2021-01-14T19:52:13 [VALIDATOR_SOURC ]I:  Connecting to Oracle: Beginning session  (oracle_endpoint_conn.c:958)
2021-01-14T19:52:13 [VALIDATOR_SOURC ]I:  Source endpoint 'Oracle' is using provider syntax 'Oracle'  (provider_syntax_manager.c:622)
2021-01-14T19:52:13 [VALIDATOR_TARGE ]I:  Going to connect to ODBC connection string: DRIVER={PostgreSQL};SERVER=aurpg02-instance-1.czzdit7hfndz.us-east-2.rds.amazonaws.com;DATABASE=aurpg02;PORT=5432;MaxVarcharSize=32768;UID=postgres;  (odbc_endpoint_imp.c:1930)
2021-01-14T19:52:14 [VALIDATOR_TARGE ]I:  Target endpoint 'PostgreSQL' is using provider syntax 'PostgreSQLLinux'  (provider_syntax_manager.c:628)
2021-01-14T19:52:14 [VALIDATOR_TARGE ]I:  postgres_set_encoding(...) Main encoding details: Name='UTF8', Language='all', isServerEncoding?='true' storageFactor=4, ConverterName='UTF-8'  (odbc_endpoint_imp.c:2567)
2021-01-14T19:52:14 [VALIDATOR_EXT   ]I:  Partitioning the Table : CUSTOMERS  (table_partitioner.c:302)
2021-01-14T19:52:14 [VALIDATOR       ]I:  Finished Partitioning the Table : CUSTOMERS, Created : 1 partitions with time : 9560 micros  (table_partitioner.c:312)
2021-01-14T19:52:14 [VALIDATOR_SOURC ]I:  Disconnecting Oracle database  (oracle_endpoint_conn.c:1286)
2021-01-14T19:52:14 [VALIDATOR_SOURC ]I:  Disconnected Oracle database  (oracle_endpoint_conn.c:1321)
2021-01-14T19:52:14 [VALIDATOR_SOURC ]I:  Going to connect to Oracle server (DESCRIPTION=(CONNECT_TIMEOUT=8)(ENABLE=BROKEN)(ADDRESS=(PROTOCOL=TCP)(HOST=octora01.czzdit7hfndz.us-east-2.rds.amazonaws.com)(PORT=1521))(CONNECT_DATA=(SERVICE_NAME=OCTORA01))) with username dmsuser  (oracle_endpoint_imp.c:1306)
2021-01-14T19:52:14 [VALIDATOR_SOURC ]I:  Connecting to Oracle: Beginning session  (oracle_endpoint_conn.c:958)
2021-01-14T19:52:14 [VALIDATOR_SOURC ]I:  Source endpoint 'Oracle' is using provider syntax 'Oracle'  (provider_syntax_manager.c:622)
2021-01-14T19:52:14 [VALIDATOR_TARGE ]I:  Going to connect to ODBC connection string: DRIVER={PostgreSQL};SERVER=aurpg02-instance-1.czzdit7hfndz.us-east-2.rds.amazonaws.com;DATABASE=aurpg02;PORT=5432;MaxVarcharSize=32768;UID=postgres;  (odbc_endpoint_imp.c:1930)
2021-01-14T19:52:14 [VALIDATOR_TARGE ]I:  Target endpoint 'PostgreSQL' is using provider syntax 'PostgreSQLLinux'  (provider_syntax_manager.c:628)
2021-01-14T19:52:14 [VALIDATOR_TARGE ]I:  postgres_set_encoding(...) Main encoding details: Name='UTF8', Language='all', isServerEncoding?='true' storageFactor=4, ConverterName='UTF-8'  (odbc_endpoint_imp.c:2567)
2021-01-14T19:52:14 [VALIDATOR_EXT   ]I:  Partitioning the Table : INVENTORY  (table_partitioner.c:302)
2021-01-14T19:52:14 [VALIDATOR       ]I:  Finished Partitioning the Table : INVENTORY, Created : 1 partitions with time : 10936 micros  (table_partitioner.c:312)
2021-01-14T19:52:14 [VALIDATOR_SOURC ]I:  Disconnecting Oracle database  (oracle_endpoint_conn.c:1286)
2021-01-14T19:52:14 [VALIDATOR_SOURC ]I:  Disconnected Oracle database  (oracle_endpoint_conn.c:1321)
2021-01-14T19:52:14 [VALIDATOR_SOURC ]I:  Going to connect to Oracle server (DESCRIPTION=(CONNECT_TIMEOUT=8)(ENABLE=BROKEN)(ADDRESS=(PROTOCOL=TCP)(HOST=octora01.czzdit7hfndz.us-east-2.rds.amazonaws.com)(PORT=1521))(CONNECT_DATA=(SERVICE_NAME=OCTORA01))) with username dmsuser  (oracle_endpoint_imp.c:1306)
2021-01-14T19:52:14 [VALIDATOR_SOURC ]I:  Connecting to Oracle: Beginning session  (oracle_endpoint_conn.c:958)
2021-01-14T19:52:14 [VALIDATOR_SOURC ]I:  Source endpoint 'Oracle' is using provider syntax 'Oracle'  (provider_syntax_manager.c:622)
2021-01-14T19:52:14 [VALIDATOR_TARGE ]I:  Going to connect to ODBC connection string: DRIVER={PostgreSQL};SERVER=aurpg02-instance-1.czzdit7hfndz.us-east-2.rds.amazonaws.com;DATABASE=aurpg02;PORT=5432;MaxVarcharSize=32768;UID=postgres;  (odbc_endpoint_imp.c:1930)
2021-01-14T19:52:14 [VALIDATOR_TARGE ]I:  Target endpoint 'PostgreSQL' is using provider syntax 'PostgreSQLLinux'  (provider_syntax_manager.c:628)
2021-01-14T19:52:14 [VALIDATOR_TARGE ]I:  postgres_set_encoding(...) Main encoding details: Name='UTF8', Language='all', isServerEncoding?='true' storageFactor=4, ConverterName='UTF-8'  (odbc_endpoint_imp.c:2567)
2021-01-14T19:52:14 [VALIDATOR_EXT   ]I:  Partitioning the Table : ORDERS  (table_partitioner.c:302)
2021-01-14T19:52:14 [VALIDATOR       ]I:  Finished Partitioning the Table : ORDERS, Created : 14 partitions with time : 69115 micros  (table_partitioner.c:312)
2021-01-14T19:52:14 [VALIDATOR_SOURC ]I:  Disconnecting Oracle database  (oracle_endpoint_conn.c:1286)
2021-01-14T19:52:14 [VALIDATOR_SOURC ]I:  Disconnected Oracle database  (oracle_endpoint_conn.c:1321)
2021-01-14T19:52:15 [VALIDATOR_SOURC ]I:  Going to connect to Oracle server (DESCRIPTION=(CONNECT_TIMEOUT=8)(ENABLE=BROKEN)(ADDRESS=(PROTOCOL=TCP)(HOST=octora01.czzdit7hfndz.us-east-2.rds.amazonaws.com)(PORT=1521))(CONNECT_DATA=(SERVICE_NAME=OCTORA01))) with username dmsuser  (oracle_endpoint_imp.c:1306)
2021-01-14T19:52:15 [VALIDATOR_SOURC ]I:  Connecting to Oracle: Beginning session  (oracle_endpoint_conn.c:958)
2021-01-14T19:52:15 [VALIDATOR_SOURC ]I:  Source endpoint 'Oracle' is using provider syntax 'Oracle'  (provider_syntax_manager.c:622)
2021-01-14T19:52:15 [VALIDATOR_TARGE ]I:  Going to connect to ODBC connection string: DRIVER={PostgreSQL};SERVER=aurpg02-instance-1.czzdit7hfndz.us-east-2.rds.amazonaws.com;DATABASE=aurpg02;PORT=5432;MaxVarcharSize=32768;UID=postgres;  (odbc_endpoint_imp.c:1930)
2021-01-14T19:52:15 [VALIDATOR_TARGE ]I:  Target endpoint 'PostgreSQL' is using provider syntax 'PostgreSQLLinux'  (provider_syntax_manager.c:628)
2021-01-14T19:52:15 [VALIDATOR_TARGE ]I:  postgres_set_encoding(...) Main encoding details: Name='UTF8', Language='all', isServerEncoding?='true' storageFactor=4, ConverterName='UTF-8'  (odbc_endpoint_imp.c:2567)
2021-01-14T19:52:15 [VALIDATOR_EXT   ]I:  Partitioning the Table : ORDER_ITEMS  (table_partitioner.c:302)
2021-01-14T19:52:15 [VALIDATOR       ]I:  Finished Partitioning the Table : ORDER_ITEMS, Created : 1 partitions with time : 15801 micros  (table_partitioner.c:312)
2021-01-14T19:52:15 [VALIDATOR_SOURC ]I:  Disconnecting Oracle database  (oracle_endpoint_conn.c:1286)
2021-01-14T19:52:15 [VALIDATOR_SOURC ]I:  Disconnected Oracle database  (oracle_endpoint_conn.c:1321)
2021-01-14T19:52:15 [VALIDATOR_SOURC ]I:  Going to connect to Oracle server (DESCRIPTION=(CONNECT_TIMEOUT=8)(ENABLE=BROKEN)(ADDRESS=(PROTOCOL=TCP)(HOST=octora01.czzdit7hfndz.us-east-2.rds.amazonaws.com)(PORT=1521))(CONNECT_DATA=(SERVICE_NAME=OCTORA01))) with username dmsuser  (oracle_endpoint_imp.c:1306)
2021-01-14T19:52:15 [VALIDATOR_SOURC ]I:  Connecting to Oracle: Beginning session  (oracle_endpoint_conn.c:958)
2021-01-14T19:52:15 [VALIDATOR_SOURC ]I:  Source endpoint 'Oracle' is using provider syntax 'Oracle'  (provider_syntax_manager.c:622)
2021-01-14T19:52:15 [VALIDATOR_TARGE ]I:  Going to connect to ODBC connection string: DRIVER={PostgreSQL};SERVER=aurpg02-instance-1.czzdit7hfndz.us-east-2.rds.amazonaws.com;DATABASE=aurpg02;PORT=5432;MaxVarcharSize=32768;UID=postgres;  (odbc_endpoint_imp.c:1930)
2021-01-14T19:52:15 [VALIDATOR_TARGE ]I:  Target endpoint 'PostgreSQL' is using provider syntax 'PostgreSQLLinux'  (provider_syntax_manager.c:628)
2021-01-14T19:52:15 [VALIDATOR_TARGE ]I:  postgres_set_encoding(...) Main encoding details: Name='UTF8', Language='all', isServerEncoding?='true' storageFactor=4, ConverterName='UTF-8'  (odbc_endpoint_imp.c:2567)
2021-01-14T19:52:15 [VALIDATOR_EXT   ]I:  Partitioning the Table : PRODUCTS  (table_partitioner.c:302)
2021-01-14T19:52:15 [VALIDATOR       ]I:  Finished Partitioning the Table : PRODUCTS, Created : 1 partitions with time : 10876 micros  (table_partitioner.c:312)
2021-01-14T19:52:15 [VALIDATOR_SOURC ]I:  Disconnecting Oracle database  (oracle_endpoint_conn.c:1286)
2021-01-14T19:52:15 [VALIDATOR_SOURC ]I:  Disconnected Oracle database  (oracle_endpoint_conn.c:1321)
2021-01-14T19:52:15 [VALIDATOR_SOURC ]I:  Going to connect to Oracle server (DESCRIPTION=(CONNECT_TIMEOUT=8)(ENABLE=BROKEN)(ADDRESS=(PROTOCOL=TCP)(HOST=octora01.czzdit7hfndz.us-east-2.rds.amazonaws.com)(PORT=1521))(CONNECT_DATA=(SERVICE_NAME=OCTORA01))) with username dmsuser  (oracle_endpoint_imp.c:1306)
2021-01-14T19:52:15 [VALIDATOR_SOURC ]I:  Connecting to Oracle: Beginning session  (oracle_endpoint_conn.c:958)
2021-01-14T19:52:15 [VALIDATOR_SOURC ]I:  Source endpoint 'Oracle' is using provider syntax 'Oracle'  (provider_syntax_manager.c:622)
2021-01-14T19:52:15 [VALIDATOR_TARGE ]I:  Going to connect to ODBC connection string: DRIVER={PostgreSQL};SERVER=aurpg02-instance-1.czzdit7hfndz.us-east-2.rds.amazonaws.com;DATABASE=aurpg02;PORT=5432;MaxVarcharSize=32768;UID=postgres;  (odbc_endpoint_imp.c:1930)
2021-01-14T19:52:15 [VALIDATOR_TARGE ]I:  Target endpoint 'PostgreSQL' is using provider syntax 'PostgreSQLLinux'  (provider_syntax_manager.c:628)
2021-01-14T19:52:16 [VALIDATOR_TARGE ]I:  postgres_set_encoding(...) Main encoding details: Name='UTF8', Language='all', isServerEncoding?='true' storageFactor=4, ConverterName='UTF-8'  (odbc_endpoint_imp.c:2567)
2021-01-14T19:52:16 [VALIDATOR_EXT   ]I:  Partitioning the Table : SHIPMENTS  (table_partitioner.c:302)
2021-01-14T19:52:16 [VALIDATOR       ]I:  Finished Partitioning the Table : SHIPMENTS, Created : 1 partitions with time : 12935 micros  (table_partitioner.c:312)
2021-01-14T19:52:16 [VALIDATOR_SOURC ]I:  Disconnecting Oracle database  (oracle_endpoint_conn.c:1286)
2021-01-14T19:52:16 [VALIDATOR_SOURC ]I:  Disconnected Oracle database  (oracle_endpoint_conn.c:1321)
2021-01-14T19:52:16 [VALIDATOR_SOURC ]I:  Going to connect to Oracle server (DESCRIPTION=(CONNECT_TIMEOUT=8)(ENABLE=BROKEN)(ADDRESS=(PROTOCOL=TCP)(HOST=octora01.czzdit7hfndz.us-east-2.rds.amazonaws.com)(PORT=1521))(CONNECT_DATA=(SERVICE_NAME=OCTORA01))) with username dmsuser  (oracle_endpoint_imp.c:1306)
2021-01-14T19:52:16 [VALIDATOR_SOURC ]I:  Connecting to Oracle: Beginning session  (oracle_endpoint_conn.c:958)
2021-01-14T19:52:16 [VALIDATOR_SOURC ]I:  Source endpoint 'Oracle' is using provider syntax 'Oracle'  (provider_syntax_manager.c:622)
2021-01-14T19:52:16 [VALIDATOR_TARGE ]I:  Going to connect to ODBC connection string: DRIVER={PostgreSQL};SERVER=aurpg02-instance-1.czzdit7hfndz.us-east-2.rds.amazonaws.com;DATABASE=aurpg02;PORT=5432;MaxVarcharSize=32768;UID=postgres;  (odbc_endpoint_imp.c:1930)
2021-01-14T19:52:16 [VALIDATOR_TARGE ]I:  Target endpoint 'PostgreSQL' is using provider syntax 'PostgreSQLLinux'  (provider_syntax_manager.c:628)
2021-01-14T19:52:16 [VALIDATOR_TARGE ]I:  postgres_set_encoding(...) Main encoding details: Name='UTF8', Language='all', isServerEncoding?='true' storageFactor=4, ConverterName='UTF-8'  (odbc_endpoint_imp.c:2567)
2021-01-14T19:52:16 [VALIDATOR_EXT   ]I:  Partitioning the Table : STORES  (table_partitioner.c:302)
2021-01-14T19:52:16 [VALIDATOR       ]I:  Finished Partitioning the Table : STORES, Created : 1 partitions with time : 9194 micros  (table_partitioner.c:312)
2021-01-14T19:52:16 [VALIDATOR_SOURC ]I:  Disconnecting Oracle database  (oracle_endpoint_conn.c:1286)
2021-01-14T19:52:16 [VALIDATOR_SOURC ]I:  Disconnected Oracle database  (oracle_endpoint_conn.c:1321)
2021-01-14T19:52:27 [SORTER          ]I:  Final saved task state. Stream position 00000000.00423ad2.00000001.0000.00.0000:885.531.16, Source id 78, next Target id 1, confirmed Target id 0, last source timestamp 1610653936000000  (sorter.c:803)
2021-01-14T19:52:27 [STREAM_COMPONEN ]I:  Disconnecting Oracle database  (oracle_endpoint_conn.c:1286)
2021-01-14T19:52:27 [SOURCE_CAPTURE  ]I:  Disconnecting Oracle database  (oracle_endpoint_conn.c:1286)
2021-01-14T19:52:27 [STREAM_COMPONEN ]I:  Disconnected Oracle database  (oracle_endpoint_conn.c:1321)
2021-01-14T19:52:27 [SOURCE_CAPTURE  ]I:  Disconnected Oracle database  (oracle_endpoint_conn.c:1321)
2021-01-14T19:52:44 [SOURCE_CAPTURE  ]I:  Disconnecting Oracle database  (oracle_endpoint_conn.c:1286)
2021-01-14T19:52:44 [SOURCE_CAPTURE  ]I:  Disconnected Oracle database  (oracle_endpoint_conn.c:1321)
2021-01-14T19:52:44 [TASK_MANAGER    ]I:  Subtask #0 ended  (replicationtask_util.c:589)
2021-01-14T19:52:44 [TASK_MANAGER    ]I:  Task - HSVLZ47BNLHC7RROIHZQ4G4OJLGCASAU6ZQ4X5Q is in STOPPED state, updating starting status to AR_NOT_APPLICABLE  (repository.c:5103)
2021-01-14T19:52:44 [TASK_MANAGER    ]I:  Updated Task, HSVLZ47BNLHC7RROIHZQ4G4OJLGCASAU6ZQ4X5Q, info with TaskState - 0  (replicationtask.c:3853)
2021-01-14T19:52:44 [VALIDATOR       ]I:  Wait for termination of the thread of 'task_validator' component  (task_validator.c:208)
2021-01-14T19:52:44 [VALIDATOR       ]I:  Wait for termination of 5 partition validator threads  (partition_validator.c:255)
2021-01-14T19:52:44 [VALIDATOR       ]I:  finished partition reporting run for thread: 5  (partition_validator.c:456)
2021-01-14T19:52:44 [VALIDATOR       ]I:  Wait for termination of the thread of 'validation_result_fetcher' component  (validation_result.c:231)
2021-01-14T19:52:44 [VALIDATOR       ]I:  Thread of 'validation_result_fetcher' component terminated  (validation_result.c:236)
2021-01-14T19:52:44 [VALIDATOR       ]I:  Wait for termination of the thread of 'validation_result_fetcher' component  (validation_result.c:231)
2021-01-14T19:52:44 [VALIDATOR       ]I:  Wait for termination of the thread of 'validation_result_fetcher' component  (validation_result.c:231)
2021-01-14T19:52:44 [VALIDATOR       ]I:  Thread of 'validation_result_fetcher' component terminated  (validation_result.c:236)
2021-01-14T19:52:44 [VALIDATOR       ]I:  Wait for termination of the thread of 'validation_result_fetcher' component  (validation_result.c:231)
2021-01-14T19:52:44 [VALIDATOR       ]I:  Thread of 'validation_result_fetcher' component terminated  (validation_result.c:236)
2021-01-14T19:52:44 [VALIDATOR_SOURC ]I:  Disconnecting Oracle database  (oracle_endpoint_conn.c:1286)
2021-01-14T19:52:44 [VALIDATOR_SOURC ]I:  Disconnected Oracle database  (oracle_endpoint_conn.c:1321)
2021-01-14T19:52:45 [VALIDATOR       ]I:  Thread of 'validation_result_fetcher' component terminated  (validation_result.c:236)
2021-01-14T19:52:45 [VALIDATOR_SOURC ]I:  Disconnecting Oracle database  (oracle_endpoint_conn.c:1286)
2021-01-14T19:52:45 [VALIDATOR_SOURC ]I:  Disconnected Oracle database  (oracle_endpoint_conn.c:1321)
2021-01-14T19:52:45 [VALIDATOR       ]I:  Wait for termination of the thread of 'validation_result_fetcher' component  (validation_result.c:231)
2021-01-14T19:52:45 [VALIDATOR       ]I:  Wait for termination of the thread of 'validation_result_fetcher' component  (validation_result.c:231)
2021-01-14T19:52:45 [VALIDATOR       ]I:  Wait for termination of the thread of 'validation_result_fetcher' component  (validation_result.c:231)
2021-01-14T19:52:45 [VALIDATOR       ]I:  Thread of 'validation_result_fetcher' component terminated  (validation_result.c:236)
2021-01-14T19:52:45 [VALIDATOR       ]I:  Wait for termination of the thread of 'validation_result_fetcher' component  (validation_result.c:231)
2021-01-14T19:52:45 [VALIDATOR       ]I:  Thread of 'validation_result_fetcher' component terminated  (validation_result.c:236)
2021-01-14T19:52:45 [VALIDATOR       ]I:  Wait for termination of the thread of 'validation_result_fetcher' component  (validation_result.c:231)
2021-01-14T19:52:45 [VALIDATOR       ]I:  Thread of 'validation_result_fetcher' component terminated  (validation_result.c:236)
2021-01-14T19:52:45 [VALIDATOR       ]I:  Wait for termination of the thread of 'validation_result_fetcher' component  (validation_result.c:231)
2021-01-14T19:52:45 [VALIDATOR       ]I:  Thread of 'validation_result_fetcher' component terminated  (validation_result.c:236)
2021-01-14T19:52:45 [VALIDATOR_SOURC ]I:  Disconnecting Oracle database  (oracle_endpoint_conn.c:1286)
2021-01-14T19:52:45 [VALIDATOR_SOURC ]I:  Disconnected Oracle database  (oracle_endpoint_conn.c:1321)
2021-01-14T19:52:45 [VALIDATOR       ]I:  Thread of 'validation_result_fetcher' component terminated  (validation_result.c:236)
2021-01-14T19:52:45 [VALIDATOR_SOURC ]I:  Disconnecting Oracle database  (oracle_endpoint_conn.c:1286)
2021-01-14T19:52:45 [VALIDATOR_SOURC ]I:  Disconnected Oracle database  (oracle_endpoint_conn.c:1321)
2021-01-14T19:52:45 [VALIDATOR       ]I:  Thread of 'validation_result_fetcher' component terminated  (validation_result.c:236)
2021-01-14T19:52:45 [VALIDATOR_SOURC ]I:  Disconnecting Oracle database  (oracle_endpoint_conn.c:1286)
2021-01-14T19:52:45 [VALIDATOR_SOURC ]I:  Disconnected Oracle database  (oracle_endpoint_conn.c:1321)
2021-01-14T19:52:45 [VALIDATOR       ]I:  All partition validator threads are terminated  (partition_validator.c:271)
2021-01-14T19:52:45 [VALIDATOR       ]I:  Stopped partition validators, exiting task validator thread  (task_validator.c:285)
2021-01-14T19:52:45 [VALIDATOR       ]I:  Thread of 'task_validator' component terminated  (task_validator.c:214)
2021-01-14T19:52:45 [TASK_MANAGER    ]I:  Task management thread terminated  (replicationtask.c:3875)
2021-01-14T19:52:45 [METADATA_MANAGE ]I:  Disconnecting Oracle database  (oracle_endpoint_conn.c:1286)
2021-01-14T19:52:45 [METADATA_MANAGE ]I:  Disconnected Oracle database  (oracle_endpoint_conn.c:1321)
2021-01-14T19:52:45 [AT_GLOBAL       ]I:  Closing log file at Thu Jan 14 19:52:45 2021  (at_logger.c:2548)
