536408,84970L,SINGLE HEART ZINC T-LIGHT HOLDER,12,0.95,14307,United Kingdom,2015214T9:2:25
536408,21733,RED HANGING HEART T-LIGHT HOLDER,6,2.95,14307,United Kingdom,2015214T9:2:25
536408,22465,HANGING METAL STAR LANTERN,12,1.65,14307,United Kingdom,2015214T9:2:25
536408,84949,SILVER HANGING T-LIGHT HOLDER,6,1.65,14307,United Kingdom,2015214T9:2:25
536408,20685,DOORMAT RED RETROSPOT,2,7.95,14307,United Kingdom,2015214T9:2:25
536408,48194,DOORMAT HEARTS,2,7.95,14307,United Kingdom,2015214T9:2:25
536408,22488,NATURAL SLATE RECTANGLE CHALKBOARD,12,1.65,14307,United Kingdom,2015214T9:2:25
536408,22219,LOVEBIRD HANGING DECORATION WHITE ,12,0.85,14307,United Kingdom,2015214T9:2:25
536408,84879,ASSORTED COLOUR BIRD ORNAMENT,8,1.69,14307,United Kingdom,2015214T9:2:25
536408,21754,HOME BUILDING BLOCK WORD,3,5.95,14307,United Kingdom,2015214T9:2:25
536408,21755,LOVE BUILDING BLOCK WORD,3,5.95,14307,United Kingdom,2015214T9:2:25
536408,22766,PHOTO FRAME CORNICE,8,2.95,14307,United Kingdom,2015214T9:2:25
536408,22610,PENS ASSORTED FUNNY FACE,36,0.85,14307,United Kingdom,2015214T9:2:25
536408,22716,CARD CIRCUS PARADE,12,0.42,14307,United Kingdom,2015214T9:2:25
536408,22706,WRAP COWBOYS  ,25,0.42,14307,United Kingdom,2015214T9:2:25
536408,22371,AIRLINE BAG VINTAGE TOKYO 78,4,4.25,14307,United Kingdom,2015214T9:2:25
536408,85014B,RED RETROSPOT UMBRELLA,3,5.95,14307,United Kingdom,2015214T9:2:25
536408,85014A,BLACK/BLUE POLKADOT UMBRELLA,3,5.95,14307,United Kingdom,2015214T9:2:25
536408,84997B,RED 3 PIECE RETROSPOT CUTLERY SET,6,3.75,14307,United Kingdom,2015214T9:2:25
536408,21212,PACK OF 72 RETROSPOT CAKE CASES,24,0.55,14307,United Kingdom,2015214T9:2:25
536408,21210,SET OF 72 RETROSPOT PAPER  DOILIES,12,1.45,14307,United Kingdom,2015214T9:2:25
536408,22914,BLUE COAT RACK PARIS FASHION,3,4.95,14307,United Kingdom,2015214T9:2:25
536408,22553,PLASTERS IN TIN SKULLS,12,1.65,14307,United Kingdom,2015214T9:2:25
536408,16237,SLEEPING CAT ERASERS,30,0.21,14307,United Kingdom,2015214T9:2:25
536408,22714,CARD BIRTHDAY COWBOY,12,0.42,14307,United Kingdom,2015214T9:2:25
536408,22812,PACK 3 BOXES CHRISTMAS PANNETONE,12,1.95,14307,United Kingdom,2015214T9:2:25
536408,84347,ROTATING SILVER ANGELS T-LIGHT HLDR,6,2.55,14307,United Kingdom,2015214T9:2:25
536408,21587,COSY HOUR GIANT TUBE MATCHES,12,2.55,14307,United Kingdom,2015214T9:2:25
536408,22736,RIBBON REEL MAKING SNOWMEN ,10,1.65,14307,United Kingdom,2015214T9:2:25
536408,22492,MINI PAINT SET VINTAGE ,36,0.65,14307,United Kingdom,2015214T9:2:25
536408,22620,4 TRADITIONAL SPINNING TOPS,12,1.25,14307,United Kingdom,2015214T9:2:25
536408,22619,SET OF 6 SOLDIER SKITTLES,4,3.75,14307,United Kingdom,2015214T9:2:25
536408,21705,BAG 500g SWIRLY MARBLES,12,1.65,14307,United Kingdom,2015214T9:2:25
536409,90199C,5 STRAND GLASS NECKLACE CRYSTAL,3,6.35,17908,United Kingdom,2015214T9:2:25
536409,21479,WHITE SKULL HOT WATER BOTTLE ,1,3.75,17908,United Kingdom,2015214T9:2:25
536409,22111,SCOTTIE DOG HOT WATER BOTTLE,1,4.95,17908,United Kingdom,2015214T9:2:25
536409,22785,SQUARECUSHION COVER PINK UNION FLAG,1,6.75,17908,United Kingdom,2015214T9:2:25
536409,22975,SPACEBOY CHILDRENS EGG CUP,1,1.25,17908,United Kingdom,2015214T9:2:25
536409,22972,CHILDREN'S SPACEBOY MUG,1,1.65,17908,United Kingdom,2015214T9:2:25
536409,22866,HAND WARMER SCOTTY DOG DESIGN,1,2.1,17908,United Kingdom,2015214T9:2:25
536409,22568,FELTCRAFT CUSHION OWL,1,3.75,17908,United Kingdom,2015214T9:2:25
536409,85116,BLACK CANDELABRA T-LIGHT HOLDER,1,2.1,17908,United Kingdom,2015214T9:2:25
536409,22664,TOY TIDY DOLLY GIRL DESIGN,1,2.1,17908,United Kingdom,2015214T9:2:25
536409,21609,SET 12 LAVENDER  BOTANICAL T-LIGHTS,1,2.95,17908,United Kingdom,2015214T9:2:25
536409,21866,UNION JACK FLAG LUGGAGE TAG,1,1.25,17908,United Kingdom,2015214T9:2:25
536409,20669,RED HEART LUGGAGE TAG,1,1.25,17908,United Kingdom,2015214T9:2:25
536409,90129F,RED GLASS TASSLE BAG CHARM,1,2.95,17908,United Kingdom,2015214T9:2:25
536409,90210B,CLEAR ACRYLIC FACETED BANGLE,1,2.95,17908,United Kingdom,2015214T9:2:25
536409,90199C,5 STRAND GLASS NECKLACE CRYSTAL,1,6.35,17908,United Kingdom,2015214T9:2:25
536409,21955,DOORMAT UNION JACK GUNS AND ROSES,1,7.95,17908,United Kingdom,2015214T9:2:25
