536409,72802C,VANILLA SCENT CANDLE JEWELLED BOX,1,4.25,17908,United Kingdom,2020224T11:2:35
536409,22109,FULL ENGLISH BREAKFAST PLATE,1,3.75,17908,United Kingdom,2020224T11:2:35
536409,85116,BLACK CANDELABRA T-LIGHT HOLDER,5,2.1,17908,United Kingdom,2020224T11:2:35
536409,22531,MAGIC DRAWING SLATE CIRCUS PARADE  ,1,0.42,17908,United Kingdom,2020224T11:2:35
536409,21811,CHRISTMAS HANGING HEART WITH BELL,1,1.25,17908,United Kingdom,2020224T11:2:35
536409,22183,CAKE STAND VICTORIAN FILIGREE MED,1,6.75,17908,United Kingdom,2020224T11:2:35
536409,21678,PAISLEY PATTERN  STICKERS,6,0.85,17908,United Kingdom,2020224T11:2:35
536409,21676,FLOWERS  STICKERS,6,0.85,17908,United Kingdom,2020224T11:2:35
536409,84625A,PINK NEW BAROQUECANDLESTICK CANDLE,1,2.95,17908,United Kingdom,2020224T11:2:35
536409,84625C,BLUE NEW BAROQUE CANDLESTICK CANDLE,3,2.95,17908,United Kingdom,2020224T11:2:35
536409,21931,JUMBO STORAGE BAG SUKI,2,1.95,17908,United Kingdom,2020224T11:2:35
536409,85169B,BLACK LOVE BIRD CANDLE,12,1.25,17908,United Kingdom,2020224T11:2:35
536409,16238,PARTY TIME PENCIL ERASERS,28,0.21,17908,United Kingdom,2020224T11:2:35
536409,20668,DISCO BALL CHRISTMAS DECORATION,24,0.12,17908,United Kingdom,2020224T11:2:35
536409,84906,PINK B'FLY C/COVER W BOBBLES,1,5.95,17908,United Kingdom,2020224T11:2:35
536409,21867,PINK UNION JACK  LUGGAGE TAG,1,1.25,17908,United Kingdom,2020224T11:2:35
536409,22075,6 RIBBONS ELEGANT CHRISTMAS ,1,1.65,17908,United Kingdom,2020224T11:2:35
536409,21866,UNION JACK FLAG LUGGAGE TAG,1,1.25,17908,United Kingdom,2020224T11:2:35
536409,21326,AGED GLASS SILVER T-LIGHT HOLDER,12,0.65,17908,United Kingdom,2020224T11:2:35
536409,21065,BOOM BOX SPEAKER GIRLS,1,5.95,17908,United Kingdom,2020224T11:2:35
536409,22074,6 RIBBONS SHIMMERING PINKS ,1,1.65,17908,United Kingdom,2020224T11:2:35
536409,22900, SET 2 TEA TOWELS I LOVE LONDON ,1,2.95,17908,United Kingdom,2020224T11:2:35
536409,20713,JUMBO BAG OWLS,1,1.95,17908,United Kingdom,2020224T11:2:35
536409,20966,SANDWICH BATH SPONGE,2,1.25,17908,United Kingdom,2020224T11:2:35
536409,21116,OWL DOORSTOP,1,4.95,17908,United Kingdom,2020224T11:2:35
536409,90199C,5 STRAND GLASS NECKLACE CRYSTAL,2,6.35,17908,United Kingdom,2020224T11:2:35
536409,22633,HAND WARMER UNION JACK,1,2.1,17908,United Kingdom,2020224T11:2:35
536409,22866,HAND WARMER SCOTTY DOG DESIGN,1,2.1,17908,United Kingdom,2020224T11:2:35
536409,22198,LARGE POPCORN HOLDER ,1,1.65,17908,United Kingdom,2020224T11:2:35
536409,21824,PAINTED METAL STAR WITH HOLLY BELLS,3,1.45,17908,United Kingdom,2020224T11:2:35
536409,21823,PAINTED METAL HEART WITH HOLLY BELL,3,1.45,17908,United Kingdom,2020224T11:2:35
536409,22153,ANGEL DECORATION STARS ON DRESS,6,0.42,17908,United Kingdom,2020224T11:2:35
536409,22197,SMALL POPCORN HOLDER,2,0.85,17908,United Kingdom,2020224T11:2:35
536409,85099B,JUMBO BAG RED RETROSPOT,2,1.95,17908,United Kingdom,2020224T11:2:35
536409,85099F,JUMBO BAG STRAWBERRY,1,1.95,17908,United Kingdom,2020224T11:2:35
536409,20717,STRAWBERRY SHOPPER BAG,1,1.25,17908,United Kingdom,2020224T11:2:35
536409,20723,STRAWBERRY CHARLOTTE BAG,1,0.85,17908,United Kingdom,2020224T11:2:35
536409,22900, SET 2 TEA TOWELS I LOVE LONDON ,1,2.95,17908,United Kingdom,2020224T11:2:35
536409,21980,PACK OF 12 RED RETROSPOT TISSUES ,12,0.29,17908,United Kingdom,2020224T11:2:35
536409,22111,SCOTTIE DOG HOT WATER BOTTLE,1,4.95,17908,United Kingdom,2020224T11:2:35
536409,22112,CHOCOLATE HOT WATER BOTTLE,1,4.95,17908,United Kingdom,2020224T11:2:35
536412,20728,LUNCH BAG CARS BLUE,3,1.65,17920,United Kingdom,2020224T11:2:35
536412,22382,LUNCH BAG SPACEBOY DESIGN ,3,1.65,17920,United Kingdom,2020224T11:2:35
536412,22326,ROUND SNACK BOXES SET OF4 WOODLAND ,1,2.95,17920,United Kingdom,2020224T11:2:35
536412,22662,LUNCH BAG DOLLY GIRL DESIGN,4,1.65,17920,United Kingdom,2020224T11:2:35
536412,22383,LUNCH BAG SUKI  DESIGN ,3,1.65,17920,United Kingdom,2020224T11:2:35
536412,20727,LUNCH BAG  BLACK SKULL.,3,1.65,17920,United Kingdom,2020224T11:2:35
536412,22328,ROUND SNACK BOXES SET OF 4 FRUITS ,1,2.95,17920,United Kingdom,2020224T11:2:35
536412,22327,ROUND SNACK BOXES SET OF 4 SKULLS,1,2.95,17920,United Kingdom,2020224T11:2:35
536412,22630,DOLLY GIRL LUNCH BOX,1,1.95,17920,United Kingdom,2020224T11:2:35
