Dropping user
drop user customerorders
          *
ERROR at line 1:
ORA-01918: user 'CUSTOMERORDERS' does not exist 


Creating user

Grant succeeded.


User altered.


User altered.

ERROR:
ORA-12545: Connect failed because target host or object does not exist 


Warning: You are no longer connected to ORACLE.
Running DDL
Creating tables, constraints and views for Customer Orders
Creating tables
SP2-0640: Not connected
SP2-0640: Not connected
SP2-0640: Not connected
SP2-0640: Not connected
SP2-0640: Not connected
SP2-0640: Not connected
SP2-0640: Not connected
Creating indexes
SP2-0640: Not connected
SP2-0640: Not connected
SP2-0640: Not connected
SP2-0640: Not connected
SP2-0640: Not connected
SP2-0640: Not connected
SP2-0640: Not connected
Creating views
SP2-0640: Not connected
SP2-0640: Not connected
SP2-0640: Not connected
SP2-0640: Not connected
SP2-0640: Not connected
Add constraints to tables
SP2-0640: Not connected
SP2-0640: Not connected
SP2-0640: Not connected
SP2-0640: Not connected
SP2-0640: Not connected
SP2-0640: Not connected
SP2-0640: Not connected
SP2-0640: Not connected
SP2-0640: Not connected
SP2-0640: Not connected
SP2-0640: Not connected
SP2-0640: Not connected
SP2-0640: Not connected
SP2-0640: Not connected
SP2-0640: Not connected
SP2-0640: Not connected
SP2-0640: Not connected
SP2-0640: Not connected
SP2-0640: Not connected
SP2-0640: Not connected
SP2-0640: Not connected
SP2-0640: Not connected
SP2-0640: Not connected
SP2-0640: Not connected
creating comments
SP2-0640: Not connected
SP2-0640: Not connected
SP2-0640: Not connected
SP2-0640: Not connected
SP2-0640: Not connected
SP2-0640: Not connected
SP2-0640: Not connected
SP2-0640: Not connected
SP2-0640: Not connected
SP2-0640: Not connected
SP2-0640: Not connected
SP2-0640: Not connected
SP2-0640: Not connected
SP2-0640: Not connected
SP2-0640: Not connected
SP2-0640: Not connected
SP2-0640: Not connected
SP2-0640: Not connected
SP2-0640: Not connected
SP2-0640: Not connected
SP2-0640: Not connected
SP2-0640: Not connected
SP2-0640: Not connected
SP2-0640: Not connected
SP2-0640: Not connected
SP2-0640: Not connected
SP2-0640: Not connected
SP2-0640: Not connected
SP2-0640: Not connected
SP2-0640: Not connected
SP2-0640: Not connected
SP2-0640: Not connected
SP2-0640: Not connected
SP2-0640: Not connected
SP2-0640: Not connected
SP2-0640: Not connected
SP2-0640: Not connected
SP2-0640: Not connected
SP2-0640: Not connected
SP2-0640: Not connected
SP2-0640: Not connected
SP2-0640: Not connected
SP2-0640: Not connected
SP2-0640: Not connected
SP2-0640: Not connected
SP2-0640: Not connected
SP2-0640: Not connected
SP2-0640: Not connected
SP2-0640: Not connected
SP2-0640: Not connected
SP2-0640: Not connected
SP2-0640: Not connected
SP2-0640: Not connected
SP2-0640: Not connected
SP2-0640: Not connected
SP2-0640: Not connected
SP2-0640: Not connected
SP2-0640: Not connected
SP2-0640: Not connected
SP2-0640: Not connected
SP2-0640: Not connected
SP2-0640: Not connected
SP2-0640: Not connected
SP2-0640: Not connected
SP2-0640: Not connected
SP2-0640: Not connected
SP2-0640: Not connected
SP2-0640: Not connected
SP2-0640: Not connected
SP2-0640: Not connected
SP2-0640: Not connected
SP2-0640: Not connected
SP2-0640: Not connected
SP2-0640: Not connected
SP2-0640: Not connected
SP2-0640: Not connected
SP2-0640: Not connected
SP2-0640: Not connected
Running DML
Removing existing data
SP2-0640: Not connected
SP2-0640: Not connected
SP2-0640: Not connected
SP2-0640: Not connected
SP2-0640: Not connected
SP2-0640: Not connected
SP2-0640: Not connected
Inserting data
INSERTING into CUSTOMERS
SP2-0640: Not connected
INSERTING into PRODUCTS
SP2-0640: Not connected
INSERTING into STORES
SP2-0640: Not connected
INSERTING into ORDERS
SP2-0640: Not connected
INSERTING into SHIPMENTS
SP2-0640: Not connected
INSERTING into ORDER_ITEMS
SP2-0640: Not connected
INSERTING into INVENTORY
SP2-0640: Not connected
SP2-0640: Not connected
Resetting identity columns
SP2-0640: Not connected
SP2-0640: Not connected
SP2-0640: Not connected
SP2-0640: Not connected
SP2-0640: Not connected
SP2-0640: Not connected
Example queries
Store sales analysis
SP2-0640: Not connected
High value customers
SP2-0640: Not connected
Product rating analysis
SP2-0640: Not connected
Most popular products by volume
SP2-0640: Not connected
Most popular products by value
SP2-0640: Not connected
Daily order count and value
SP2-0640: Not connected
Month and year sales matrix
SP2-0640: Not connected
