#@ Row 1103344, Column 3: String data, right truncation @#
nm10193801	Michael 'Mima'	 Maria	0,0
#@ Row 1106882, Column 3: String data, right truncation @#
nm10197538	Peigh 'The Slopp'	 Lollitt	0,0
#@ Row 1355183, Column 3: String data, right truncation @#
nm10463473	Winz	' Arne M.M. 'O.8.O.N.E.5	0,0
#@ Row 1609011, Column 3: String data, right truncation @#
nm10731919	Victoria 'Vix'	 McGrath	0,0
#@ Row 1689609, Column 3: String data, right truncation @#
nm10816467	Laura 'L.A.'	 Barbato	0,0
#@ Row 1715886, Column 3: String data, right truncation @#
nm10844159	Peter 'Gyu Young'	 Chang	0,0
#@ Row 1762718, Column 3: String data, right truncation @#
nm10892975	Luis 'Lou'	 Ortiz-Morales	0,0
#@ Row 1764309, Column 3: String data, right truncation @#
nm10894664	Joey 'Biggy'	 Marchetti	0,0
#@ Row 1804225, Column 3: String data, right truncation @#
nm10936223	Lawton 'Agent'	 Bouhairie	0,0
#@ Row 1894537, Column 3: String data, right truncation @#
nm11028343	Donald 'Daws'	 Dawson	0,0
