SQL> SELECT * FROM TABLE(rdsadmin.rds_file_util.read_text_file( p_directory => 'DATA_PUMP_DIR', p_filename  => 'custordersexp.log'));

TEXT
--------------------------------------------------------------------------------
FLASHBACK automatically enabled to preserve database integrity.
Starting "ADMIN"."SYS_EXPORT_SCHEMA_01":
Processing object type SCHEMA_EXPORT/TABLE/TABLE_DATA
Processing object type SCHEMA_EXPORT/TABLE/INDEX/STATISTICS/INDEX_STATISTICS
Processing object type SCHEMA_EXPORT/TABLE/STATISTICS/TABLE_STATISTICS
Processing object type SCHEMA_EXPORT/STATISTICS/MARKER
Processing object type SCHEMA_EXPORT/USER
Processing object type SCHEMA_EXPORT/SYSTEM_GRANT
Processing object type SCHEMA_EXPORT/DEFAULT_ROLE
Processing object type SCHEMA_EXPORT/TABLESPACE_QUOTA
Processing object type SCHEMA_EXPORT/PRE_SCHEMA/PROCACT_SCHEMA

TEXT
--------------------------------------------------------------------------------
Processing object type SCHEMA_EXPORT/TABLE/TABLE
Processing object type SCHEMA_EXPORT/TABLE/COMMENT
Processing object type SCHEMA_EXPORT/TABLE/IDENTITY_COLUMN
Processing object type SCHEMA_EXPORT/VIEW/VIEW
Processing object type SCHEMA_EXPORT/VIEW/COMMENT
Processing object type SCHEMA_EXPORT/TABLE/INDEX/INDEX
Processing object type SCHEMA_EXPORT/TABLE/CONSTRAINT/CONSTRAINT
Processing object type SCHEMA_EXPORT/TABLE/CONSTRAINT/REF_CONSTRAINT
. . exported "CUSTOMER_ORDERS"."ORDERS"                  4.260 MB  136266 rows
. . exported "CUSTOMER_ORDERS"."SHIPMENTS"               96.44 KB    1892 rows
. . exported "CUSTOMER_ORDERS"."ORDER_ITEMS"             97.48 KB    3914 rows

TEXT
--------------------------------------------------------------------------------
. . exported "CUSTOMER_ORDERS"."PRODUCTS"                47.77 KB      46 rows
. . exported "CUSTOMER_ORDERS"."CUSTOMERS"               24.94 KB     392 rows
. . exported "CUSTOMER_ORDERS"."STORES"                  94.05 GB     531 rows
. . exported "CUSTOMER_ORDERS"."INVENTORY"               15.67 KB     566 rows
Master table "ADMIN"."SYS_EXPORT_SCHEMA_01" successfully loaded/unloaded
******************************************************************************
Dump file set for ADMIN.SYS_EXPORT_SCHEMA_01 is:
  /rdsdbdata/datapump/customer_orders.dmp
Job "ADMIN"."SYS_EXPORT_SCHEMA_01" successfully completed at Sun Feb 14 16:09:50
 2021 elapsed 0 00:08:07


31 rows selected.

