starting thread for file: ./data/logfile_medium2.csv
starting thread for file: ./data/logfile_medium1.csv
thread_id: 0, row: 5000, 5.727790832519531
thread_id: 1, row: 5000, 5.7876787185668945
thread_id: 1, row: 10000, 4.971162557601929
thread_id: 0, row: 10000, 5.182079076766968
thread_id: 1, row: 15000, 4.904268980026245
thread_id: 0, row: 15000, 4.764863967895508
thread_id: 1, row: 20000, 4.677521467208862
thread_id: 0, row: 20000, 5.047940254211426
thread_id: 1, row: 25000, 5.030366659164429
thread_id: 0, row: 25000, 4.933245897293091
thread_id: 1, row: 30000, 4.736313343048096
thread_id: 0, row: 30000, 4.773800611495972
thread_id: 1, row: 35000, 5.188060760498047
thread_id: 0, row: 35000, 5.069031715393066
thread_id: 1, row: 40000, 4.844592094421387
thread_id: 0, row: 40000, 4.993546724319458
thread_id: 1, row: 45000, 4.836495399475098
thread_id: 0, row: 45000, 4.834267616271973
thread_id: 1, row: 50000, 4.582577228546143
thread_id: 0, row: 50000, 4.707164525985718
thread_id: 1, row: 55000, 5.040523290634155
thread_id: 0, row: 55000, 5.058839321136475
thread_id: 1, row: 60000, 4.778648853302002
thread_id: 0, row: 60000, 4.802228212356567
thread_id: 1, row: 65000, 4.844715595245361
thread_id: 0, row: 65000, 4.902603626251221
thread_id: 1, row: 70000, 4.951575040817261
thread_id: 0, row: 70000, 5.1560218334198
thread_id: 1, row: 75000, 4.8022260665893555
thread_id: 0, row: 75000, 4.714391469955444
thread_id: 1, row: 80000, 4.982119083404541
thread_id: 0, row: 80000, 4.828996896743774
thread_id: 1, row: 85000, 4.935197353363037
thread_id: 0, row: 85000, 4.84367823600769
thread_id: 1, row: 90000, 4.714532375335693
thread_id: 0, row: 90000, 4.734787940979004
thread_id: 1, row: 95000, 4.950682163238525
thread_id: 0, row: 95000, 5.052277565002441
thread_id: 1, row: 100000, 4.8193511962890625
thread_id: 0, row: 100000, 4.89095401763916
thread_id: 1, row: 105000, 5.042228698730469
thread_id: 0, row: 105000, 4.916415214538574
thread_id: 1, row: 110000, 4.728564500808716
thread_id: 0, row: 110000, 4.81739616394043
thread_id: 1, row: 115000, 4.904786109924316
thread_id: 0, row: 115000, 4.873523473739624
thread_id: 1, row: 120000, 4.741068124771118
thread_id: 0, row: 120000, 4.614100933074951
thread_id: 1, row: 125000, 4.9617321491241455
thread_id: 0, row: 125000, 5.017235040664673
thread_id: 1, row: 130000, 4.826826095581055
thread_id: 0, row: 130000, 4.798080205917358
thread_id: 1, row: 135000, 4.761800289154053
thread_id: 0, row: 135000, 4.765515089035034
thread_id: 1, row: 140000, 4.760713577270508
thread_id: 0, row: 140000, 4.770156145095825
thread_id: 1, row: 145000, 5.090414047241211
thread_id: 0, row: 145000, 5.246442079544067
thread_id: 1, row: 150000, 5.0978615283966064
thread_id: 0, row: 150000, 4.9796764850616455
thread_id: 1, row: 155000, 4.829009294509888
thread_id: 0, row: 155000, 4.8014655113220215
thread_id: 1, row: 160000, 4.933623313903809
thread_id: 0, row: 160000, 4.862032175064087
thread_id: 1, row: 165000, 4.826303005218506
thread_id: 0, row: 165000, 4.952157735824585
thread_id: 1, row: 170000, 4.916358709335327
thread_id: 0, row: 170000, 5.067387580871582
thread_id: 1, row: 175000, 4.694787502288818
thread_id: 0, row: 175000, 4.760022163391113
thread_id: 1, row: 180000, 4.605133771896362
thread_id: 0, row: 180000, 4.74788498878479
thread_id: 1, row: 185000, 5.060112237930298
thread_id: 0, row: 185000, 5.043505668640137
thread_id: 1, row: 190000, 5.138031482696533
thread_id: 0, row: 190000, 5.290949583053589
thread_id: 1, row: 195000, 5.044436931610107
thread_id: 0, row: 195000, 4.956911087036133
thread_id: 1, row: 200000, 4.8625078201293945
thread_id: 0, row: 200000, 4.891526699066162
thread_id: 1, row: 205000, 4.938880920410156
thread_id: 0, row: 205000, 5.1367881298065186
thread_id: 1, row: 210000, 5.396140098571777
thread_id: 0, row: 210000, 5.305775165557861
thread_id: 1, row: 215000, 5.00441837310791
thread_id: 0, row: 215000, 5.072681903839111
thread_id: 1, row: 220000, 5.435930013656616
thread_id: 0, row: 220000, 5.514363527297974
thread_id: 1, row: 225000, 5.399716854095459
thread_id: 0, row: 225000, 5.603732109069824
thread_id: 1, row: 230000, 5.43732213973999
thread_id: 0, row: 230000, 5.104022741317749
thread_id: 1, row: 235000, 5.625701665878296
thread_id: 0, row: 235000, 5.478004217147827
thread_id: 1, row: 240000, 5.459115266799927
thread_id: 0, row: 240000, 5.4622039794921875
thread_id: 1, row: 245000, 4.919133424758911
thread_id: 0, row: 245000, 5.143033504486084
thread_id: 1, row: 250000, 6.09821629524231
thread_id: 0, row: 250000, 6.242508172988892
thread_id: 1, row: 255000, 5.5933427810668945
thread_id: 0, row: 255000, 5.443543434143066
thread_id: 1, row: 260000, 5.230013847351074
thread_id: 0, row: 260000, 5.177053451538086
thread_id: 1, row: 265000, 5.104028224945068
thread_id: 0, row: 265000, 5.380921125411987
thread_id: 1, row: 270000, 5.72524356842041
thread_id: 0, row: 270000, 5.435729026794434
thread_id: 1, row: 275000, 5.374703645706177
thread_id: 0, row: 275000, 5.341122627258301
thread_id: 1, row: 280000, 5.319664716720581
thread_id: 0, row: 280000, 5.214034080505371
thread_id: 1, row: 285000, 5.100332736968994
thread_id: 0, row: 285000, 5.867327690124512
thread_id: 1, row: 290000, 5.6575093269348145
thread_id: 0, row: 290000, 5.644150018692017
thread_id: 1, row: 295000, 5.524748086929321
thread_id: 0, row: 295000, 5.221321105957031
thread_id: 1, row: 300000, 5.4871885776519775
thread_id: 0, row: 300000, 6.2511091232299805
thread_id: 1, row: 305000, 5.9781622886657715
thread_id: 0, row: 305000, 5.777177333831787
thread_id: 1, row: 310000, 5.982516765594482
thread_id: 0, row: 310000, 5.880655527114868
thread_id: 1, row: 315000, 5.694001197814941
thread_id: 0, row: 315000, 5.4914329051971436
thread_id: 1, row: 320000, 5.605467081069946
thread_id: 0, row: 320000, 5.720254182815552
thread_id: 1, row: 325000, 5.592133045196533
thread_id: 0, row: 325000, 5.841428518295288
thread_id: 1, row: 330000, 5.554569959640503
thread_id: 0, row: 330000, 5.696218967437744
thread_id: 1, row: 335000, 5.940454006195068
thread_id: 0, row: 335000, 6.812777280807495
thread_id: 1, row: 340000, 6.0826497077941895
thread_id: 0, row: 340000, 5.58027720451355
thread_id: 1, row: 345000, 5.899628639221191
thread_id: 0, row: 345000, 5.858763933181763
thread_id: 1, row: 350000, 5.490764856338501
thread_id: 0, row: 350000, 5.779264688491821
thread_id: 1, row: 355000, 5.329918622970581
thread_id: 0, row: 355000, 5.636552572250366
thread_id: 1, row: 360000, 5.5230913162231445
thread_id: 0, row: 360000, 5.5331339836120605
thread_id: 1, row: 365000, 5.9545738697052
thread_id: 0, row: 365000, 5.582259178161621
thread_id: 1, row: 370000, 5.351142168045044
thread_id: 0, row: 370000, 5.735408544540405
thread_id: 1, row: 375000, 5.72015905380249
thread_id: 0, row: 375000, 5.538224697113037
thread_id: 1, row: 380000, 5.602419853210449
thread_id: 0, row: 380000, 6.326838493347168
thread_id: 1, row: 385000, 6.2806665897369385
thread_id: 0, row: 385000, 5.774150133132935
thread_id: 1, row: 390000, 5.853579998016357
thread_id: 0, row: 390000, 5.745129346847534
thread_id: 1, row: 395000, 5.791704893112183
thread_id: 0, row: 395000, 5.702504396438599
thread_id: 1, row: 400000, 5.688998699188232
thread_id: 0, row: 400000, 5.8331005573272705
thread_id: 1, row: 405000, 5.616593360900879
thread_id: 0, row: 405000, 5.760392427444458
thread_id: 1, row: 410000, 5.70341420173645
thread_id: 0, row: 410000, 5.209666013717651
thread_id: 1, row: 415000, 5.527637243270874
thread_id: 0, row: 415000, 5.366612434387207
thread_id: 1, row: 420000, 4.989373445510864
thread_id: 0, row: 420000, 4.935551404953003
thread_id: 1, row: 425000, 5.186014175415039
thread_id: 0, row: 425000, 5.280103445053101
thread_id: 1, row: 430000, 5.289281606674194
thread_id: 0, row: 430000, 4.864412307739258
thread_id: 1, row: 435000, 4.899396657943726
thread_id: 0, row: 435000, 4.886932134628296
thread_id: 1, row: 440000, 5.001411199569702
thread_id: 0, row: 440000, 5.000503063201904
thread_id: 1, row: 445000, 5.159885406494141
thread_id: 0, row: 445000, 5.300848484039307
thread_id: 1, row: 450000, 5.44080662727356
thread_id: 0, row: 450000, 5.069153308868408
thread_id: 1, row: 455000, 4.971289157867432
thread_id: 0, row: 455000, 5.585147380828857
thread_id: 1, row: 460000, 5.554370403289795
thread_id: 0, row: 460000, 5.95806360244751
thread_id: 1, row: 465000, 5.950536489486694
thread_id: 0, row: 465000, 6.037183046340942
thread_id: 1, row: 470000, 6.320934534072876
thread_id: 0, row: 470000, 6.0463783740997314
thread_id: 1, row: 475000, 5.378233194351196
thread_id: 0, row: 475000, 5.320262908935547
thread_id: 1, row: 480000, 5.140522480010986
thread_id: 0, row: 480000, 5.152268648147583
thread_id: 1, row: 485000, 5.319212198257446
thread_id: 0, row: 485000, 5.555367469787598
thread_id: 1, row: 490000, 5.588741064071655
thread_id: 0, row: 490000, 5.680012941360474
thread_id: 1, row: 495000, 5.604642152786255
thread_id: 0, row: 495000, 5.28987717628479
thread_id: 1, row: 500000, 5.337704420089722
thread_id: 0, row: 500000, 4.693050861358643
total rows 1000000 in 529.5701282024384 seconds
